{
  "stats": {
    "suites": 1,
    "tests": 3,
    "passes": 2,
    "pending": 0,
    "failures": 1,
    "start": "2023-02-22T16:32:53.522Z",
    "end": "2023-02-22T16:32:54.798Z",
    "duration": 1276,
    "testsRegistered": 3,
    "passPercent": 66.66666666666666,
    "pendingPercent": 0,
    "other": 0,
    "hasOther": false,
    "skipped": 0,
    "hasSkipped": false
  },
  "results": [
    {
      "uuid": "4afd50de-41c2-49a6-b6a7-9e5bc9afe577",
      "title": "",
      "fullFile": "C:\\Users\\Andrei_Kramski\\source\\repos\\JavaScript-Automation\\API\\specs\\test.spec.js",
      "file": "\\specs\\test.spec.js",
      "beforeHooks": [],
      "afterHooks": [],
      "tests": [],
      "suites": [
        {
          "uuid": "91960c19-bbae-40f5-ab98-7b9255e2a505",
          "title": "API Test Suit",
          "fullFile": "C:\\Users\\Andrei_Kramski\\source\\repos\\JavaScript-Automation\\API\\specs\\test.spec.js",
          "file": "\\specs\\test.spec.js",
          "beforeHooks": [],
          "afterHooks": [],
          "tests": [
            {
              "title": "GET post/1",
              "fullTitle": "API Test Suit GET post/1",
              "timedOut": false,
              "duration": 375,
              "state": "passed",
              "speed": "slow",
              "pass": true,
              "fail": false,
              "pending": false,
              "context": null,
              "code": "const response = await sendRequest(\"posts/1\");\nconsole.log(response.data);\nconsole.log(response.status);\nexpect(response.data.userId).to.equal(1);\nexpect(response.status).to.equal(200);",
              "err": {},
              "uuid": "d6c0741f-18e0-48ba-8bd6-8d8078bfe782",
              "parentUUID": "91960c19-bbae-40f5-ab98-7b9255e2a505",
              "isHook": false,
              "skipped": false
            },
            {
              "title": "POST post",
              "fullTitle": "API Test Suit POST post",
              "timedOut": false,
              "duration": 442,
              "state": "passed",
              "speed": "slow",
              "pass": true,
              "fail": false,
              "pending": false,
              "context": null,
              "code": "const response = await sendRequest(\"posts\", {\n        title: 'Hello',\n        body: 'bar',\n        userId: 1,\n      }, \"post\");\n      console.log(response.data);\n      console.log(response.status);\n      \n      expect(response.status).to.equal(201);",
              "err": {},
              "uuid": "89ef2d34-32d5-4a41-904d-4ea13dfb5f24",
              "parentUUID": "91960c19-bbae-40f5-ab98-7b9255e2a505",
              "isHook": false,
              "skipped": false
            },
            {
              "title": "PUT post",
              "fullTitle": "API Test Suit PUT post",
              "timedOut": false,
              "duration": 449,
              "state": "failed",
              "speed": null,
              "pass": false,
              "fail": true,
              "pending": false,
              "context": null,
              "code": "const response = await sendRequest(\"posts\", testData, \"put\");\n        console.log(response.data);\n        console.log(response.status);\n    \n        expect(response.status).to.equal(201);",
              "err": {
                "message": "AssertionError: expected 404 to equal 201",
                "estack": "AssertionError: expected 404 to equal 201\n    at Context.<anonymous> (specs\\test.spec.js:39:38)\n    at process.processTicksAndRejections (node:internal/process/task_queues:95:5)",
                "diff": "- 404\n+ 201\n"
              },
              "uuid": "3a78e68d-6bab-4e2f-a073-44c7b3d540c5",
              "parentUUID": "91960c19-bbae-40f5-ab98-7b9255e2a505",
              "isHook": false,
              "skipped": false
            }
          ],
          "suites": [],
          "passes": [
            "d6c0741f-18e0-48ba-8bd6-8d8078bfe782",
            "89ef2d34-32d5-4a41-904d-4ea13dfb5f24"
          ],
          "failures": [
            "3a78e68d-6bab-4e2f-a073-44c7b3d540c5"
          ],
          "pending": [],
          "skipped": [],
          "duration": 1266,
          "root": false,
          "rootEmpty": false,
          "_timeout": 2000
        }
      ],
      "passes": [],
      "failures": [],
      "pending": [],
      "skipped": [],
      "duration": 0,
      "root": true,
      "rootEmpty": true,
      "_timeout": 2000
    }
  ],
  "meta": {
    "mocha": {
      "version": "10.2.0"
    },
    "mochawesome": {
      "options": {
        "quiet": false,
        "reportFilename": "mochawesome",
        "saveHtml": true,
        "saveJson": true,
        "consoleReporter": "spec",
        "useInlineDiffs": false,
        "code": true
      },
      "version": "7.1.3"
    },
    "marge": {
      "options": null,
      "version": "6.2.0"
    }
  }
}