{
  "stats": {
    "suites": 1,
    "tests": 1,
    "passes": 1,
    "pending": 0,
    "failures": 0,
    "start": "2023-02-22T15:08:47.500Z",
    "end": "2023-02-22T15:08:47.941Z",
    "duration": 441,
    "testsRegistered": 1,
    "passPercent": 100,
    "pendingPercent": 0,
    "other": 0,
    "hasOther": false,
    "skipped": 0,
    "hasSkipped": false
  },
  "results": [
    {
      "uuid": "9e5ca5f1-1482-4015-a6c5-73599160a69b",
      "title": "",
      "fullFile": "C:\\Users\\Andrei_Kramski\\source\\repos\\JavaScript-Automation\\API\\test.spec.js",
      "file": "\\test.spec.js",
      "beforeHooks": [],
      "afterHooks": [],
      "tests": [],
      "suites": [
        {
          "uuid": "e3c55eb1-f28d-4064-9256-609a1857798b",
          "title": "API Test Suit",
          "fullFile": "C:\\Users\\Andrei_Kramski\\source\\repos\\JavaScript-Automation\\API\\test.spec.js",
          "file": "\\test.spec.js",
          "beforeHooks": [],
          "afterHooks": [],
          "tests": [
            {
              "title": "GET post/1",
              "fullTitle": "API Test Suit GET post/1",
              "timedOut": false,
              "duration": 432,
              "state": "passed",
              "speed": "slow",
              "pass": true,
              "fail": false,
              "pending": false,
              "context": null,
              "code": "const response = await axios({\n    url:\"https://jsonplaceholder.typicode.com/posts/1\",\n    method:\"get\"\n});\nconsole.log(response.data);\nconsole.log(response.status);\nexpect(response.data.userId).to.equal(1);\nexpect(response.status).to.equal(200);",
              "err": {},
              "uuid": "0257d2a3-120c-4398-8ed1-ea5811ddf607",
              "parentUUID": "e3c55eb1-f28d-4064-9256-609a1857798b",
              "isHook": false,
              "skipped": false
            }
          ],
          "suites": [],
          "passes": [
            "0257d2a3-120c-4398-8ed1-ea5811ddf607"
          ],
          "failures": [],
          "pending": [],
          "skipped": [],
          "duration": 432,
          "root": false,
          "rootEmpty": false,
          "_timeout": 2000
        }
      ],
      "passes": [],
      "failures": [],
      "pending": [],
      "skipped": [],
      "duration": 0,
      "root": true,
      "rootEmpty": true,
      "_timeout": 2000
    }
  ],
  "meta": {
    "mocha": {
      "version": "10.2.0"
    },
    "mochawesome": {
      "options": {
        "quiet": false,
        "reportFilename": "mochawesome",
        "saveHtml": true,
        "saveJson": true,
        "consoleReporter": "spec",
        "useInlineDiffs": false,
        "code": true
      },
      "version": "7.1.3"
    },
    "marge": {
      "options": null,
      "version": "6.2.0"
    }
  }
}