{
  "stats": {
    "suites": 1,
    "tests": 5,
    "passes": 4,
    "pending": 0,
    "failures": 1,
    "start": "2023-02-22T17:04:12.891Z",
    "end": "2023-02-22T17:04:14.821Z",
    "duration": 1930,
    "testsRegistered": 5,
    "passPercent": 80,
    "pendingPercent": 0,
    "other": 0,
    "hasOther": false,
    "skipped": 0,
    "hasSkipped": false
  },
  "results": [
    {
      "uuid": "21323b48-ec5e-47be-96ac-c1d7ba5172a0",
      "title": "",
      "fullFile": "C:\\Users\\Andrei_Kramski\\source\\repos\\JavaScript-Automation\\API\\specs\\test.spec.js",
      "file": "\\specs\\test.spec.js",
      "beforeHooks": [],
      "afterHooks": [],
      "tests": [],
      "suites": [
        {
          "uuid": "e3efcbf5-2dbb-49a8-9e25-c01ad9f72304",
          "title": "API Test Suit",
          "fullFile": "C:\\Users\\Andrei_Kramski\\source\\repos\\JavaScript-Automation\\API\\specs\\test.spec.js",
          "file": "\\specs\\test.spec.js",
          "beforeHooks": [],
          "afterHooks": [],
          "tests": [
            {
              "title": "POST post",
              "fullTitle": "API Test Suit POST post",
              "timedOut": false,
              "duration": 579,
              "state": "passed",
              "speed": "slow",
              "pass": true,
              "fail": false,
              "pending": false,
              "context": null,
              "code": "const response = await sendRequest(\"posts\", {\ntitle: 'Hello',\nbody: 'bar',\nuserId: 1,\n}, \"post\");\nconsole.log(response.data);\nconsole.log(response.status);\n\nexpect(response.status).to.equal(201);",
              "err": {},
              "uuid": "72469246-4427-41b8-94f3-4e65b8c63fb2",
              "parentUUID": "e3efcbf5-2dbb-49a8-9e25-c01ad9f72304",
              "isHook": false,
              "skipped": false
            },
            {
              "title": "GET post/1",
              "fullTitle": "API Test Suit GET post/1",
              "timedOut": false,
              "duration": 229,
              "state": "passed",
              "speed": "slow",
              "pass": true,
              "fail": false,
              "pending": false,
              "context": null,
              "code": "const response = await sendRequest(\"posts/1\");\n\nconsole.log(response.data);\nconsole.log(response.status);\n\nexpect(response.data.userId).to.equal(1);\nexpect(response.status).to.equal(200);",
              "err": {},
              "uuid": "83b3aa0d-81cc-4735-8e29-c473ff40d02f",
              "parentUUID": "e3efcbf5-2dbb-49a8-9e25-c01ad9f72304",
              "isHook": false,
              "skipped": false
            },
            {
              "title": "PUT post",
              "fullTitle": "API Test Suit PUT post",
              "timedOut": false,
              "duration": 446,
              "state": "failed",
              "speed": null,
              "pass": false,
              "fail": true,
              "pending": false,
              "context": null,
              "code": "const response = await sendRequest(\"posts/1\", testData, \"put\");\nconsole.log(response.data);\nconsole.log(response.status);\n      \nexpect(response.status).to.equal(201);",
              "err": {
                "message": "AssertionError: expected 200 to equal 201",
                "estack": "AssertionError: expected 200 to equal 201\n    at Context.<anonymous> (specs\\test.spec.js:37:40)\n    at process.processTicksAndRejections (node:internal/process/task_queues:95:5)",
                "diff": "- 200\n+ 201\n"
              },
              "uuid": "dfe1c31d-6540-4e6e-8671-080e6e8b3cb5",
              "parentUUID": "e3efcbf5-2dbb-49a8-9e25-c01ad9f72304",
              "isHook": false,
              "skipped": false
            },
            {
              "title": "PUT post",
              "fullTitle": "API Test Suit PUT post",
              "timedOut": false,
              "duration": 434,
              "state": "passed",
              "speed": "slow",
              "pass": true,
              "fail": false,
              "pending": false,
              "context": null,
              "code": "const response = await sendRequest(\"posts/1\", {\ntitle: \"Hi!\",\nbody: \"bar\",\nid: 2,\nuserId: 1}, \"put\");\n    \nconsole.log(response.data);\nconsole.log(response.status);\n          \nexpect(response.status).to.equal(200);",
              "err": {},
              "uuid": "623e56ff-2c27-4d98-92fb-db26461dd3c1",
              "parentUUID": "e3efcbf5-2dbb-49a8-9e25-c01ad9f72304",
              "isHook": false,
              "skipped": false
            },
            {
              "title": "DELETE post/1",
              "fullTitle": "API Test Suit DELETE post/1",
              "timedOut": false,
              "duration": 231,
              "state": "passed",
              "speed": "slow",
              "pass": true,
              "fail": false,
              "pending": false,
              "context": null,
              "code": "const response = await sendRequest(\"posts/1\");\n      \nconsole.log(response.data);\nconsole.log(response.status);\n      \nexpect(response.status).to.equal(200);",
              "err": {},
              "uuid": "f2770428-bcad-4167-a88e-89821d319346",
              "parentUUID": "e3efcbf5-2dbb-49a8-9e25-c01ad9f72304",
              "isHook": false,
              "skipped": false
            }
          ],
          "suites": [],
          "passes": [
            "72469246-4427-41b8-94f3-4e65b8c63fb2",
            "83b3aa0d-81cc-4735-8e29-c473ff40d02f",
            "623e56ff-2c27-4d98-92fb-db26461dd3c1",
            "f2770428-bcad-4167-a88e-89821d319346"
          ],
          "failures": [
            "dfe1c31d-6540-4e6e-8671-080e6e8b3cb5"
          ],
          "pending": [],
          "skipped": [],
          "duration": 1919,
          "root": false,
          "rootEmpty": false,
          "_timeout": 2000
        }
      ],
      "passes": [],
      "failures": [],
      "pending": [],
      "skipped": [],
      "duration": 0,
      "root": true,
      "rootEmpty": true,
      "_timeout": 2000
    }
  ],
  "meta": {
    "mocha": {
      "version": "10.2.0"
    },
    "mochawesome": {
      "options": {
        "quiet": false,
        "reportFilename": "mochawesome",
        "saveHtml": true,
        "saveJson": true,
        "consoleReporter": "spec",
        "useInlineDiffs": false,
        "code": true
      },
      "version": "7.1.3"
    },
    "marge": {
      "options": null,
      "version": "6.2.0"
    }
  }
}