<?xml version="1.0" encoding="UTF-8"?>
<testsuites>
  <testsuite name="Doctors Page Test Suite" timestamp="2023-02-15T16:30:28" time="4.078" tests="4" failures="0" errors="0" skipped="0">
    <properties>
      <property name="specId" value="0"/>
      <property name="suiteName" value="Doctors Page Test Suite"/>
      <property name="capabilities" value="chrome.110_0_5481_77.windows"/>
      <property name="file" value="file:///C:/Users/Andrei_Kramski/source/repos/JavaScript-Automation/POM/src/tests/po.test.js"/>
    </properties>
    <testcase classname="chrome.110_0_5481_77.windows.Doctors_Page_Test_Suite" name="user opens page" time="2.33">
      <system-out><![CDATA[
COMMAND: POST /session/be51f569b61f01591511e825637b20c4/url - {"url":"https://ej2.syncfusion.com/showcase/angular/appointmentplanner/#/dashboard"}
RESULT: {"url":"https://ej2.syncfusion.com/showcase/angular/appointmentplanner/#/dashboard"}
COMMAND: GET /session/be51f569b61f01591511e825637b20c4/title - {}
RESULT: {}
]]></system-out>
    </testcase>
    <testcase classname="chrome.110_0_5481_77.windows.Doctors_Page_Test_Suite" name="user opens modal" time="0.695">
      <system-out><![CDATA[
COMMAND: POST /session/be51f569b61f01591511e825637b20c4/url - {"url":"https://ej2.syncfusion.com/showcase/angular/appointmentplanner/#/dashboard"}
RESULT: {"url":"https://ej2.syncfusion.com/showcase/angular/appointmentplanner/#/dashboard"}
COMMAND: POST /session/be51f569b61f01591511e825637b20c4/element - {"using":"css selector","value":"#plannerSiderBar"}
RESULT: {"using":"css selector","value":"#plannerSiderBar"}
COMMAND: POST /session/be51f569b61f01591511e825637b20c4/element/f53b2e26-72f7-4da2-9f58-496a12692886/element - {"using":"css selector","value":"[routerlink=\"/doctors\"]"}
RESULT: {"using":"css selector","value":"[routerlink=\"/doctors\"]"}
COMMAND: POST /session/be51f569b61f01591511e825637b20c4/element/2706c0cb-ff25-4235-8a9b-1032e75b3ea3/click - {}
RESULT: {}
COMMAND: POST /session/be51f569b61f01591511e825637b20c4/element - {"using":"css selector","value":".specialization-types"}
RESULT: {"using":"css selector","value":".specialization-types"}
COMMAND: POST /session/be51f569b61f01591511e825637b20c4/element/aaffd43d-ed56-4dcc-b4bc-6780755d0d4e/element - {"using":"css selector","value":"button.e-control"}
RESULT: {"using":"css selector","value":"button.e-control"}
COMMAND: POST /session/be51f569b61f01591511e825637b20c4/element/f57f060f-f0f0-4997-b12f-ce4529b3c070/click - {}
RESULT: {}
COMMAND: POST /session/be51f569b61f01591511e825637b20c4/element - {"using":"css selector","value":".new-doctor-dialog"}
RESULT: {"using":"css selector","value":".new-doctor-dialog"}
COMMAND: POST /session/be51f569b61f01591511e825637b20c4/execute/sync - {"script":"return (function isElementDisplayed(element) {\n    function nodeIsElement(node) {\n        if (!node) {\n            return false;\n        }\n        switch (node.nodeType) {\n            case Node.ELEMEN ... (7807 more bytes)","args":[{"element-6066-11e4-a52e-4f735466cecf":"d36adf7d-aa25-4dd2-9e65-48d61cae94d5","ELEMENT":"d36adf7d-aa25-4dd2-9e65-48d61cae94d5"}]}
RESULT: {"script":"return (function isElementDisplayed(element) {\n    function nodeIsElement(node) {\n        if (!node) {\n            return false;\n        }\n        switch (node.nodeType) {\n            case Node.ELEMEN ... (7807 more bytes)","args":[{"element-6066-11e4-a52e-4f735466cecf":"d36adf7d-aa25-4dd2-9e65-48d61cae94d5","ELEMENT":"d36adf7d-aa25-4dd2-9e65-48d61cae94d5"}]}
]]></system-out>
    </testcase>
    <testcase classname="chrome.110_0_5481_77.windows.Doctors_Page_Test_Suite" name="add doctor" time="0.825">
      <system-out><![CDATA[
COMMAND: POST /session/be51f569b61f01591511e825637b20c4/url - {"url":"https://ej2.syncfusion.com/showcase/angular/appointmentplanner/#/dashboard"}
RESULT: {"url":"https://ej2.syncfusion.com/showcase/angular/appointmentplanner/#/dashboard"}
COMMAND: POST /session/be51f569b61f01591511e825637b20c4/element - {"using":"css selector","value":"#plannerSiderBar"}
RESULT: {"using":"css selector","value":"#plannerSiderBar"}
COMMAND: POST /session/be51f569b61f01591511e825637b20c4/element/f53b2e26-72f7-4da2-9f58-496a12692886/element - {"using":"css selector","value":"[routerlink=\"/doctors\"]"}
RESULT: {"using":"css selector","value":"[routerlink=\"/doctors\"]"}
COMMAND: POST /session/be51f569b61f01591511e825637b20c4/element/2706c0cb-ff25-4235-8a9b-1032e75b3ea3/click - {}
RESULT: {}
COMMAND: POST /session/be51f569b61f01591511e825637b20c4/element - {"using":"css selector","value":".specialization-types"}
RESULT: {"using":"css selector","value":".specialization-types"}
COMMAND: POST /session/be51f569b61f01591511e825637b20c4/element/2e8c1966-6e39-4fea-8663-4ee2c2922e9d/element - {"using":"css selector","value":"button.e-control"}
RESULT: {"using":"css selector","value":"button.e-control"}
COMMAND: POST /session/be51f569b61f01591511e825637b20c4/element/da706cb0-c8b3-45de-aab6-91e4783803c8/click - {}
RESULT: {}
COMMAND: POST /session/be51f569b61f01591511e825637b20c4/element - {"using":"css selector","value":".new-doctor-dialog"}
RESULT: {"using":"css selector","value":".new-doctor-dialog"}
COMMAND: POST /session/be51f569b61f01591511e825637b20c4/execute/sync - {"script":"return (function isElementDisplayed(element) {\n    function nodeIsElement(node) {\n        if (!node) {\n            return false;\n        }\n        switch (node.nodeType) {\n            case Node.ELEMEN ... (7807 more bytes)","args":[{"element-6066-11e4-a52e-4f735466cecf":"a7912c97-1711-442a-8924-1ce6d05ab4e2","ELEMENT":"a7912c97-1711-442a-8924-1ce6d05ab4e2"}]}
RESULT: {"script":"return (function isElementDisplayed(element) {\n    function nodeIsElement(node) {\n        if (!node) {\n            return false;\n        }\n        switch (node.nodeType) {\n            case Node.ELEMEN ... (7807 more bytes)","args":[{"element-6066-11e4-a52e-4f735466cecf":"a7912c97-1711-442a-8924-1ce6d05ab4e2","ELEMENT":"a7912c97-1711-442a-8924-1ce6d05ab4e2"}]}
COMMAND: POST /session/be51f569b61f01591511e825637b20c4/element - {"using":"css selector","value":".new-doctor-dialog"}
RESULT: {"using":"css selector","value":".new-doctor-dialog"}
COMMAND: POST /session/be51f569b61f01591511e825637b20c4/element/a7912c97-1711-442a-8924-1ce6d05ab4e2/element - {"using":"css selector","value":"#Name input"}
RESULT: {"using":"css selector","value":"#Name input"}
COMMAND: POST /session/be51f569b61f01591511e825637b20c4/element/aa593d5f-d141-42b7-af2f-1cf3fb69baff/clear - {}
RESULT: {}
COMMAND: POST /session/be51f569b61f01591511e825637b20c4/element/aa593d5f-d141-42b7-af2f-1cf3fb69baff/value - {"text":"Andrey Kramskoy"}
RESULT: {"text":"Andrey Kramskoy"}
COMMAND: POST /session/be51f569b61f01591511e825637b20c4/element - {"using":"css selector","value":".new-doctor-dialog"}
RESULT: {"using":"css selector","value":".new-doctor-dialog"}
COMMAND: POST /session/be51f569b61f01591511e825637b20c4/element/a7912c97-1711-442a-8924-1ce6d05ab4e2/element - {"using":"css selector","value":"input#DoctorMobile"}
RESULT: {"using":"css selector","value":"input#DoctorMobile"}
COMMAND: POST /session/be51f569b61f01591511e825637b20c4/element/f787c370-b571-4c26-a8ea-a42040664414/clear - {}
RESULT: {}
COMMAND: POST /session/be51f569b61f01591511e825637b20c4/element/f787c370-b571-4c26-a8ea-a42040664414/value - {"text":"4474505051"}
RESULT: {"text":"4474505051"}
COMMAND: POST /session/be51f569b61f01591511e825637b20c4/element - {"using":"css selector","value":".new-doctor-dialog"}
RESULT: {"using":"css selector","value":".new-doctor-dialog"}
COMMAND: POST /session/be51f569b61f01591511e825637b20c4/element/a7912c97-1711-442a-8924-1ce6d05ab4e2/element - {"using":"css selector","value":"input[name=\"Email\"]"}
RESULT: {"using":"css selector","value":"input[name=\"Email\"]"}
COMMAND: POST /session/be51f569b61f01591511e825637b20c4/element/4819d5fb-95c3-4847-a6fa-d52d548ab5cf/clear - {}
RESULT: {}
COMMAND: POST /session/be51f569b61f01591511e825637b20c4/element/4819d5fb-95c3-4847-a6fa-d52d548ab5cf/value - {"text":"Kramskoy@test.com"}
RESULT: {"text":"Kramskoy@test.com"}
COMMAND: POST /session/be51f569b61f01591511e825637b20c4/element - {"using":"css selector","value":".new-doctor-dialog"}
RESULT: {"using":"css selector","value":".new-doctor-dialog"}
COMMAND: POST /session/be51f569b61f01591511e825637b20c4/element/a7912c97-1711-442a-8924-1ce6d05ab4e2/element - {"using":"css selector","value":"input[name=\"Education\"]"}
RESULT: {"using":"css selector","value":"input[name=\"Education\"]"}
COMMAND: POST /session/be51f569b61f01591511e825637b20c4/element/360933a8-c428-4d88-ab2c-d4ad6ae1186e/clear - {}
RESULT: {}
COMMAND: POST /session/be51f569b61f01591511e825637b20c4/element/360933a8-c428-4d88-ab2c-d4ad6ae1186e/value - {"text":"Basic"}
RESULT: {"text":"Basic"}
COMMAND: POST /session/be51f569b61f01591511e825637b20c4/element - {"using":"css selector","value":".new-doctor-dialog"}
RESULT: {"using":"css selector","value":".new-doctor-dialog"}
COMMAND: POST /session/be51f569b61f01591511e825637b20c4/element/a7912c97-1711-442a-8924-1ce6d05ab4e2/element - {"using":"css selector","value":"input[name=\"Designation\"]"}
RESULT: {"using":"css selector","value":"input[name=\"Designation\"]"}
COMMAND: POST /session/be51f569b61f01591511e825637b20c4/element/8cd499bd-b1c5-4adf-84e4-8351058d53d9/clear - {}
RESULT: {}
COMMAND: POST /session/be51f569b61f01591511e825637b20c4/element/8cd499bd-b1c5-4adf-84e4-8351058d53d9/value - {"text":"Test"}
RESULT: {"text":"Test"}
COMMAND: POST /session/be51f569b61f01591511e825637b20c4/element - {"using":"css selector","value":".new-doctor-dialog"}
RESULT: {"using":"css selector","value":".new-doctor-dialog"}
COMMAND: POST /session/be51f569b61f01591511e825637b20c4/element/a7912c97-1711-442a-8924-1ce6d05ab4e2/element - {"using":"css selector","value":".button-container button.e-primary"}
RESULT: {"using":"css selector","value":".button-container button.e-primary"}
COMMAND: POST /session/be51f569b61f01591511e825637b20c4/element/7a7683be-5ad1-40cd-ab38-be4dae0ac9b2/click - {}
RESULT: {}
COMMAND: POST /session/be51f569b61f01591511e825637b20c4/element - {"using":"css selector","value":".new-doctor-dialog"}
RESULT: {"using":"css selector","value":".new-doctor-dialog"}
COMMAND: POST /session/be51f569b61f01591511e825637b20c4/execute/sync - {"script":"return (function isElementDisplayed(element) {\n    function nodeIsElement(node) {\n        if (!node) {\n            return false;\n        }\n        switch (node.nodeType) {\n            case Node.ELEMEN ... (7807 more bytes)","args":[{"element-6066-11e4-a52e-4f735466cecf":"a7912c97-1711-442a-8924-1ce6d05ab4e2","ELEMENT":"a7912c97-1711-442a-8924-1ce6d05ab4e2"}]}
RESULT: {"script":"return (function isElementDisplayed(element) {\n    function nodeIsElement(node) {\n        if (!node) {\n            return false;\n        }\n        switch (node.nodeType) {\n            case Node.ELEMEN ... (7807 more bytes)","args":[{"element-6066-11e4-a52e-4f735466cecf":"a7912c97-1711-442a-8924-1ce6d05ab4e2","ELEMENT":"a7912c97-1711-442a-8924-1ce6d05ab4e2"}]}
COMMAND: POST /session/be51f569b61f01591511e825637b20c4/element - {"using":"css selector","value":"#Specialist_8"}
RESULT: {"using":"css selector","value":"#Specialist_8"}
COMMAND: POST /session/be51f569b61f01591511e825637b20c4/element/9f123e3c-dc53-4033-8ad6-4ab92095868c/element - {"using":"css selector","value":".name"}
RESULT: {"using":"css selector","value":".name"}
COMMAND: GET /session/be51f569b61f01591511e825637b20c4/element/1ecd9233-1df6-423e-ad38-7ee718c76cf7/text - {}
RESULT: {}
COMMAND: POST /session/be51f569b61f01591511e825637b20c4/element - {"using":"css selector","value":"#Specialist_8"}
RESULT: {"using":"css selector","value":"#Specialist_8"}
COMMAND: POST /session/be51f569b61f01591511e825637b20c4/element/9f123e3c-dc53-4033-8ad6-4ab92095868c/element - {"using":"css selector","value":".education"}
RESULT: {"using":"css selector","value":".education"}
COMMAND: GET /session/be51f569b61f01591511e825637b20c4/element/857cf927-3846-427c-9f7f-b4278882f8ab/text - {}
RESULT: {}
]]></system-out>
    </testcase>
    <testcase classname="chrome.110_0_5481_77.windows.Doctors_Page_Test_Suite" name="close modal" time="0.228">
      <system-out><![CDATA[
COMMAND: POST /session/be51f569b61f01591511e825637b20c4/url - {"url":"https://ej2.syncfusion.com/showcase/angular/appointmentplanner/#/dashboard"}
RESULT: {"url":"https://ej2.syncfusion.com/showcase/angular/appointmentplanner/#/dashboard"}
COMMAND: POST /session/be51f569b61f01591511e825637b20c4/element - {"using":"css selector","value":"#plannerSiderBar"}
RESULT: {"using":"css selector","value":"#plannerSiderBar"}
COMMAND: POST /session/be51f569b61f01591511e825637b20c4/element/f53b2e26-72f7-4da2-9f58-496a12692886/element - {"using":"css selector","value":"[routerlink=\"/doctors\"]"}
RESULT: {"using":"css selector","value":"[routerlink=\"/doctors\"]"}
COMMAND: POST /session/be51f569b61f01591511e825637b20c4/element/2706c0cb-ff25-4235-8a9b-1032e75b3ea3/click - {}
RESULT: {}
COMMAND: POST /session/be51f569b61f01591511e825637b20c4/element - {"using":"css selector","value":".specialization-types"}
RESULT: {"using":"css selector","value":".specialization-types"}
COMMAND: POST /session/be51f569b61f01591511e825637b20c4/element/96dc19c8-676d-4e10-bcd3-4633b439b348/element - {"using":"css selector","value":"button.e-control"}
RESULT: {"using":"css selector","value":"button.e-control"}
COMMAND: POST /session/be51f569b61f01591511e825637b20c4/element/16cd4dd5-ae57-49b2-b5af-554bf4ad7879/click - {}
RESULT: {}
COMMAND: POST /session/be51f569b61f01591511e825637b20c4/element - {"using":"css selector","value":".new-doctor-dialog"}
RESULT: {"using":"css selector","value":".new-doctor-dialog"}
COMMAND: POST /session/be51f569b61f01591511e825637b20c4/element/6e863779-594b-48da-87dc-932fd07a2f5d/element - {"using":"css selector","value":".button-container button.e-btn:not(.e-primary)"}
RESULT: {"using":"css selector","value":".button-container button.e-btn:not(.e-primary)"}
COMMAND: POST /session/be51f569b61f01591511e825637b20c4/element/a010db90-d7d8-4bc4-a03e-c5ca514b9cb1/click - {}
RESULT: {}
COMMAND: POST /session/be51f569b61f01591511e825637b20c4/element - {"using":"css selector","value":".new-doctor-dialog"}
RESULT: {"using":"css selector","value":".new-doctor-dialog"}
COMMAND: POST /session/be51f569b61f01591511e825637b20c4/execute/sync - {"script":"return (function isElementDisplayed(element) {\n    function nodeIsElement(node) {\n        if (!node) {\n            return false;\n        }\n        switch (node.nodeType) {\n            case Node.ELEMEN ... (7807 more bytes)","args":[{"element-6066-11e4-a52e-4f735466cecf":"6e863779-594b-48da-87dc-932fd07a2f5d","ELEMENT":"6e863779-594b-48da-87dc-932fd07a2f5d"}]}
RESULT: {"script":"return (function isElementDisplayed(element) {\n    function nodeIsElement(node) {\n        if (!node) {\n            return false;\n        }\n        switch (node.nodeType) {\n            case Node.ELEMEN ... (7807 more bytes)","args":[{"element-6066-11e4-a52e-4f735466cecf":"6e863779-594b-48da-87dc-932fd07a2f5d","ELEMENT":"6e863779-594b-48da-87dc-932fd07a2f5d"}]}
COMMAND: DELETE /session/be51f569b61f01591511e825637b20c4 - {}
RESULT: {}
]]></system-out>
    </testcase>
  </testsuite>
</testsuites>