<?xml version="1.0" encoding="UTF-8"?>
<testsuites>
  <testsuite name="Test suite" timestamp="2023-02-14T17:17:34" time="58.169" tests="10" failures="0" errors="0" skipped="0">
    <properties>
      <property name="specId" value="0"/>
      <property name="suiteName" value="Test suite"/>
      <property name="capabilities" value="chrome.110_0_5481_77.windows"/>
      <property name="file" value="file:///C:/Users/Andrei_Kramski/source/repos/JavaScript-Automation/wdio/test/specs/test.spec.js"/>
    </properties>
    <testcase classname="chrome.110_0_5481_77.windows.Test_suite" name="First test" time="2.263">
      <system-out><![CDATA[
COMMAND: POST /session/8039afc1eceb83967308e51eb1d8b566/url - {"url":"https://ej2.syncfusion.com/showcase/angular/appointmentplanner/#/dashboard"}
RESULT: {"url":"https://ej2.syncfusion.com/showcase/angular/appointmentplanner/#/dashboard"}
COMMAND: GET /session/8039afc1eceb83967308e51eb1d8b566/title - {}
RESULT: {}
]]></system-out>
    </testcase>
    <testcase classname="chrome.110_0_5481_77.windows.Test_suite" name="Second test" time="0.435">
      <system-out><![CDATA[
COMMAND: POST /session/8039afc1eceb83967308e51eb1d8b566/element - {"using":"css selector","value":"div.doctors"}
RESULT: {"using":"css selector","value":"div.doctors"}
COMMAND: POST /session/8039afc1eceb83967308e51eb1d8b566/element/b954c936-0e9b-406b-834c-9eb1ce1feaf3/click - {}
RESULT: {}
COMMAND: POST /session/8039afc1eceb83967308e51eb1d8b566/element - {"using":"xpath","value":"//button[text()='Add New Doctor']"}
RESULT: {"using":"xpath","value":"//button[text()='Add New Doctor']"}
COMMAND: POST /session/8039afc1eceb83967308e51eb1d8b566/element/5923aab6-65d8-488d-8a3a-9e49da39d953/click - {}
RESULT: {}
COMMAND: POST /session/8039afc1eceb83967308e51eb1d8b566/element - {"using":"css selector","value":"input[name='Name']"}
RESULT: {"using":"css selector","value":"input[name='Name']"}
COMMAND: POST /session/8039afc1eceb83967308e51eb1d8b566/element/c9e2b988-7134-458d-a84c-32f046aea348/clear - {}
RESULT: {}
COMMAND: POST /session/8039afc1eceb83967308e51eb1d8b566/element/c9e2b988-7134-458d-a84c-32f046aea348/value - {"text":"Andrey"}
RESULT: {"text":"Andrey"}
COMMAND: POST /session/8039afc1eceb83967308e51eb1d8b566/element - {"using":"xpath","value":"//button[text()='Save']"}
RESULT: {"using":"xpath","value":"//button[text()='Save']"}
COMMAND: POST /session/8039afc1eceb83967308e51eb1d8b566/element/108350d2-8749-4d0e-961b-87c0ece9508a/click - {}
RESULT: {}
COMMAND: POST /session/8039afc1eceb83967308e51eb1d8b566/element - {"using":"css selector","value":"label#Email-info"}
RESULT: {"using":"css selector","value":"label#Email-info"}
COMMAND: GET /session/8039afc1eceb83967308e51eb1d8b566/element/75efc394-db68-43e3-9490-b5bb774257a1/text - {}
RESULT: {}
]]></system-out>
    </testcase>
    <testcase classname="chrome.110_0_5481_77.windows.Test_suite" name="Third test" time="0.591">
      <system-out><![CDATA[
COMMAND: POST /session/8039afc1eceb83967308e51eb1d8b566/element - {"using":"xpath","value":"//button[text()='Cancel']"}
RESULT: {"using":"xpath","value":"//button[text()='Cancel']"}
COMMAND: POST /session/8039afc1eceb83967308e51eb1d8b566/element/1c7bc2a3-f3fc-44ea-ad34-a27633f1a5d4/click - {}
RESULT: {}
COMMAND: POST /session/8039afc1eceb83967308e51eb1d8b566/element - {"using":"css selector","value":"div.doctors"}
RESULT: {"using":"css selector","value":"div.doctors"}
COMMAND: POST /session/8039afc1eceb83967308e51eb1d8b566/element/b954c936-0e9b-406b-834c-9eb1ce1feaf3/click - {}
RESULT: {}
COMMAND: POST /session/8039afc1eceb83967308e51eb1d8b566/element - {"using":"xpath","value":"//button[text()='Add New Doctor']"}
RESULT: {"using":"xpath","value":"//button[text()='Add New Doctor']"}
COMMAND: POST /session/8039afc1eceb83967308e51eb1d8b566/element/5923aab6-65d8-488d-8a3a-9e49da39d953/click - {}
RESULT: {}
COMMAND: POST /session/8039afc1eceb83967308e51eb1d8b566/element - {"using":"css selector","value":"input[name='Name']"}
RESULT: {"using":"css selector","value":"input[name='Name']"}
COMMAND: POST /session/8039afc1eceb83967308e51eb1d8b566/element/c9e2b988-7134-458d-a84c-32f046aea348/clear - {}
RESULT: {}
COMMAND: POST /session/8039afc1eceb83967308e51eb1d8b566/element/c9e2b988-7134-458d-a84c-32f046aea348/value - {"text":"Andrey"}
RESULT: {"text":"Andrey"}
COMMAND: POST /session/8039afc1eceb83967308e51eb1d8b566/element - {"using":"css selector","value":"input[name=Email]"}
RESULT: {"using":"css selector","value":"input[name=Email]"}
COMMAND: POST /session/8039afc1eceb83967308e51eb1d8b566/element/3cf30f31-9c6b-4378-8ee6-f04ade2f3886/clear - {}
RESULT: {}
COMMAND: POST /session/8039afc1eceb83967308e51eb1d8b566/element/3cf30f31-9c6b-4378-8ee6-f04ade2f3886/value - {"text":"Andrey@gmail.com"}
RESULT: {"text":"Andrey@gmail.com"}
COMMAND: POST /session/8039afc1eceb83967308e51eb1d8b566/element - {"using":"css selector","value":"input[name=Education]"}
RESULT: {"using":"css selector","value":"input[name=Education]"}
COMMAND: POST /session/8039afc1eceb83967308e51eb1d8b566/element/19c41c88-4a55-4a7d-962e-ac921b1e44b8/clear - {}
RESULT: {}
COMMAND: POST /session/8039afc1eceb83967308e51eb1d8b566/element/19c41c88-4a55-4a7d-962e-ac921b1e44b8/value - {"text":"Univesity"}
RESULT: {"text":"Univesity"}
COMMAND: POST /session/8039afc1eceb83967308e51eb1d8b566/element - {"using":"xpath","value":"//button[text()='Save']"}
RESULT: {"using":"xpath","value":"//button[text()='Save']"}
COMMAND: POST /session/8039afc1eceb83967308e51eb1d8b566/element/108350d2-8749-4d0e-961b-87c0ece9508a/click - {}
RESULT: {}
COMMAND: POST /session/8039afc1eceb83967308e51eb1d8b566/element - {"using":"css selector","value":"label#undefined-info"}
RESULT: {"using":"css selector","value":"label#undefined-info"}
COMMAND: GET /session/8039afc1eceb83967308e51eb1d8b566/element/12cda393-c92c-48d3-bd04-00e8ba9928ce/text - {}
RESULT: {}
]]></system-out>
    </testcase>
    <testcase classname="chrome.110_0_5481_77.windows.Test_suite" name="Fourth test" time="0.59">
      <system-out><![CDATA[
COMMAND: POST /session/8039afc1eceb83967308e51eb1d8b566/element - {"using":"xpath","value":"//button[text()='Cancel']"}
RESULT: {"using":"xpath","value":"//button[text()='Cancel']"}
COMMAND: POST /session/8039afc1eceb83967308e51eb1d8b566/element/1c7bc2a3-f3fc-44ea-ad34-a27633f1a5d4/click - {}
RESULT: {}
COMMAND: POST /session/8039afc1eceb83967308e51eb1d8b566/element - {"using":"css selector","value":"div.doctors"}
RESULT: {"using":"css selector","value":"div.doctors"}
COMMAND: POST /session/8039afc1eceb83967308e51eb1d8b566/element/b954c936-0e9b-406b-834c-9eb1ce1feaf3/click - {}
RESULT: {}
COMMAND: POST /session/8039afc1eceb83967308e51eb1d8b566/element - {"using":"xpath","value":"//button[text()='Add New Doctor']"}
RESULT: {"using":"xpath","value":"//button[text()='Add New Doctor']"}
COMMAND: POST /session/8039afc1eceb83967308e51eb1d8b566/element/5923aab6-65d8-488d-8a3a-9e49da39d953/click - {}
RESULT: {}
COMMAND: POST /session/8039afc1eceb83967308e51eb1d8b566/element - {"using":"css selector","value":"input[name='Name']"}
RESULT: {"using":"css selector","value":"input[name='Name']"}
COMMAND: POST /session/8039afc1eceb83967308e51eb1d8b566/element/c9e2b988-7134-458d-a84c-32f046aea348/clear - {}
RESULT: {}
COMMAND: POST /session/8039afc1eceb83967308e51eb1d8b566/element/c9e2b988-7134-458d-a84c-32f046aea348/value - {"text":"Andrey"}
RESULT: {"text":"Andrey"}
COMMAND: POST /session/8039afc1eceb83967308e51eb1d8b566/element - {"using":"css selector","value":"input[name=Email]"}
RESULT: {"using":"css selector","value":"input[name=Email]"}
COMMAND: POST /session/8039afc1eceb83967308e51eb1d8b566/element/3cf30f31-9c6b-4378-8ee6-f04ade2f3886/clear - {}
RESULT: {}
COMMAND: POST /session/8039afc1eceb83967308e51eb1d8b566/element/3cf30f31-9c6b-4378-8ee6-f04ade2f3886/value - {"text":"Andrey@gmail.com"}
RESULT: {"text":"Andrey@gmail.com"}
COMMAND: POST /session/8039afc1eceb83967308e51eb1d8b566/element - {"using":"css selector","value":"#DoctorMobile"}
RESULT: {"using":"css selector","value":"#DoctorMobile"}
COMMAND: POST /session/8039afc1eceb83967308e51eb1d8b566/element/85b02c99-3f7f-4772-905f-c0e2d61842a9/clear - {}
RESULT: {}
COMMAND: POST /session/8039afc1eceb83967308e51eb1d8b566/element/85b02c99-3f7f-4772-905f-c0e2d61842a9/value - {"text":"9999999999"}
RESULT: {"text":"9999999999"}
COMMAND: POST /session/8039afc1eceb83967308e51eb1d8b566/element - {"using":"xpath","value":"//button[text()='Save']"}
RESULT: {"using":"xpath","value":"//button[text()='Save']"}
COMMAND: POST /session/8039afc1eceb83967308e51eb1d8b566/element/108350d2-8749-4d0e-961b-87c0ece9508a/click - {}
RESULT: {}
COMMAND: POST /session/8039afc1eceb83967308e51eb1d8b566/element - {"using":"css selector","value":"label#Education-info"}
RESULT: {"using":"css selector","value":"label#Education-info"}
COMMAND: GET /session/8039afc1eceb83967308e51eb1d8b566/element/b9a8ab94-fcd3-4b81-890f-a3079c6b3b46/text - {}
RESULT: {}
]]></system-out>
    </testcase>
    <testcase classname="chrome.110_0_5481_77.windows.Test_suite" name="Fifth test" time="0.695">
      <system-out><![CDATA[
COMMAND: POST /session/8039afc1eceb83967308e51eb1d8b566/element - {"using":"xpath","value":"//button[text()='Cancel']"}
RESULT: {"using":"xpath","value":"//button[text()='Cancel']"}
COMMAND: POST /session/8039afc1eceb83967308e51eb1d8b566/element/1c7bc2a3-f3fc-44ea-ad34-a27633f1a5d4/click - {}
RESULT: {}
COMMAND: POST /session/8039afc1eceb83967308e51eb1d8b566/element - {"using":"css selector","value":"div.doctors"}
RESULT: {"using":"css selector","value":"div.doctors"}
COMMAND: POST /session/8039afc1eceb83967308e51eb1d8b566/element/b954c936-0e9b-406b-834c-9eb1ce1feaf3/click - {}
RESULT: {}
COMMAND: POST /session/8039afc1eceb83967308e51eb1d8b566/element - {"using":"xpath","value":"//button[text()='Add New Doctor']"}
RESULT: {"using":"xpath","value":"//button[text()='Add New Doctor']"}
COMMAND: POST /session/8039afc1eceb83967308e51eb1d8b566/element/5923aab6-65d8-488d-8a3a-9e49da39d953/click - {}
RESULT: {}
COMMAND: POST /session/8039afc1eceb83967308e51eb1d8b566/element - {"using":"css selector","value":"input[name=Education]"}
RESULT: {"using":"css selector","value":"input[name=Education]"}
COMMAND: POST /session/8039afc1eceb83967308e51eb1d8b566/element/19c41c88-4a55-4a7d-962e-ac921b1e44b8/clear - {}
RESULT: {}
COMMAND: POST /session/8039afc1eceb83967308e51eb1d8b566/element/19c41c88-4a55-4a7d-962e-ac921b1e44b8/value - {"text":"Univesity"}
RESULT: {"text":"Univesity"}
COMMAND: POST /session/8039afc1eceb83967308e51eb1d8b566/element - {"using":"css selector","value":"input[name=Email]"}
RESULT: {"using":"css selector","value":"input[name=Email]"}
COMMAND: POST /session/8039afc1eceb83967308e51eb1d8b566/element/3cf30f31-9c6b-4378-8ee6-f04ade2f3886/clear - {}
RESULT: {}
COMMAND: POST /session/8039afc1eceb83967308e51eb1d8b566/element/3cf30f31-9c6b-4378-8ee6-f04ade2f3886/value - {"text":"Andrey@gmail.com"}
RESULT: {"text":"Andrey@gmail.com"}
COMMAND: POST /session/8039afc1eceb83967308e51eb1d8b566/element - {"using":"css selector","value":"#DoctorMobile"}
RESULT: {"using":"css selector","value":"#DoctorMobile"}
COMMAND: POST /session/8039afc1eceb83967308e51eb1d8b566/element/85b02c99-3f7f-4772-905f-c0e2d61842a9/clear - {}
RESULT: {}
COMMAND: POST /session/8039afc1eceb83967308e51eb1d8b566/element/85b02c99-3f7f-4772-905f-c0e2d61842a9/value - {"text":"9999999999"}
RESULT: {"text":"9999999999"}
COMMAND: POST /session/8039afc1eceb83967308e51eb1d8b566/element - {"using":"xpath","value":"//button[text()='Save']"}
RESULT: {"using":"xpath","value":"//button[text()='Save']"}
COMMAND: POST /session/8039afc1eceb83967308e51eb1d8b566/element/108350d2-8749-4d0e-961b-87c0ece9508a/click - {}
RESULT: {}
COMMAND: POST /session/8039afc1eceb83967308e51eb1d8b566/element - {"using":"css selector","value":"label#Name-info"}
RESULT: {"using":"css selector","value":"label#Name-info"}
COMMAND: GET /session/8039afc1eceb83967308e51eb1d8b566/element/9a63a217-0105-4d23-917e-1d6aad141641/text - {}
RESULT: {}
COMMAND: POST /session/8039afc1eceb83967308e51eb1d8b566/element - {"using":"xpath","value":"/html/body/div[2]/ejs-dialog/div[1]/button"}
RESULT: {"using":"xpath","value":"/html/body/div[2]/ejs-dialog/div[1]/button"}
COMMAND: POST /session/8039afc1eceb83967308e51eb1d8b566/element/9b730582-83f3-465e-9280-27d395da6cf1/click - {}
RESULT: {}
]]></system-out>
    </testcase>
    <testcase classname="chrome.110_0_5481_77.windows.Test_suite" name="WebDriverIO 1" time="0.04">
      <system-out><![CDATA[
COMMAND: POST /session/8039afc1eceb83967308e51eb1d8b566/element - {"using":"css selector","value":"div.dashboard"}
RESULT: {"using":"css selector","value":"div.dashboard"}
COMMAND: POST /session/8039afc1eceb83967308e51eb1d8b566/elements - {"using":"css selector","value":"div.dashboard"}
RESULT: {"using":"css selector","value":"div.dashboard"}
COMMAND: POST /session/8039afc1eceb83967308e51eb1d8b566/elements - {"using":"css selector","value":"div.dashboard"}
RESULT: {"using":"css selector","value":"div.dashboard"}
]]></system-out>
    </testcase>
    <testcase classname="chrome.110_0_5481_77.windows.Test_suite" name="WebDriverIO 2" time="0.058">
      <system-out><![CDATA[
COMMAND: POST /session/8039afc1eceb83967308e51eb1d8b566/element - {"using":"css selector","value":"label#Name-info"}
RESULT: {"using":"css selector","value":"label#Name-info"}
COMMAND: POST /session/8039afc1eceb83967308e51eb1d8b566/execute/sync - {"script":"return (function isElementDisplayed(element) {\n    function nodeIsElement(node) {\n        if (!node) {\n            return false;\n        }\n        switch (node.nodeType) {\n            case Node.ELEMEN ... (7807 more bytes)","args":[{"element-6066-11e4-a52e-4f735466cecf":"9a63a217-0105-4d23-917e-1d6aad141641","ELEMENT":"9a63a217-0105-4d23-917e-1d6aad141641"}]}
RESULT: {"script":"return (function isElementDisplayed(element) {\n    function nodeIsElement(node) {\n        if (!node) {\n            return false;\n        }\n        switch (node.nodeType) {\n            case Node.ELEMEN ... (7807 more bytes)","args":[{"element-6066-11e4-a52e-4f735466cecf":"9a63a217-0105-4d23-917e-1d6aad141641","ELEMENT":"9a63a217-0105-4d23-917e-1d6aad141641"}]}
COMMAND: POST /session/8039afc1eceb83967308e51eb1d8b566/elements - {"using":"css selector","value":"label#Name-info"}
RESULT: {"using":"css selector","value":"label#Name-info"}
]]></system-out>
    </testcase>
    <testcase classname="chrome.110_0_5481_77.windows.Test_suite" name="WebDriverIO 3" time="0.256">
      <system-out><![CDATA[
COMMAND: POST /session/8039afc1eceb83967308e51eb1d8b566/element - {"using":"xpath","value":"//button[text()='Add New Doctor']"}
RESULT: {"using":"xpath","value":"//button[text()='Add New Doctor']"}
COMMAND: POST /session/8039afc1eceb83967308e51eb1d8b566/actions - {"actions":[{"id":"action1","type":"pointer","parameters":{"pointerType":"mouse"},"actions":[{"type":"pointerMove","button":0,"width":0,"height":0,"pressure":0,"tangentialPressure":0,"tiltX":0,"tiltY":0,"twist":0,"altitudeAngle":0,"_":"5 more keys: [\"azimuthAngle\",\"x\",\"y\",\"duration\",\"origin\"]"},{"type":"pointerDown","button":0,"width":0,"height":0,"pressure":0,"tangentialPressure":0,"tiltX":0,"tiltY":0,"twist":0,"altitudeAngle":0,"_":"1 more keys: [\"azimuthAngle\"]"},{"type":"pointerUp","button":0}]}]}
RESULT: {"actions":[{"id":"action1","type":"pointer","parameters":{"pointerType":"mouse"},"actions":[{"type":"pointerMove","button":0,"width":0,"height":0,"pressure":0,"tangentialPressure":0,"tiltX":0,"tiltY":0,"twist":0,"altitudeAngle":0,"_":"5 more keys: [\"azimuthAngle\",\"x\",\"y\",\"duration\",\"origin\"]"},{"type":"pointerDown","button":0,"width":0,"height":0,"pressure":0,"tangentialPressure":0,"tiltX":0,"tiltY":0,"twist":0,"altitudeAngle":0,"_":"1 more keys: [\"azimuthAngle\"]"},{"type":"pointerUp","button":0}]}]}
COMMAND: DELETE /session/8039afc1eceb83967308e51eb1d8b566/actions - {}
RESULT: {}
COMMAND: POST /session/8039afc1eceb83967308e51eb1d8b566/element - {"using":"css selector","value":"div.e-dlg-content"}
RESULT: {"using":"css selector","value":"div.e-dlg-content"}
COMMAND: POST /session/8039afc1eceb83967308e51eb1d8b566/execute/sync - {"script":"return (function isElementDisplayed(element) {\n    function nodeIsElement(node) {\n        if (!node) {\n            return false;\n        }\n        switch (node.nodeType) {\n            case Node.ELEMEN ... (7807 more bytes)","args":[{"element-6066-11e4-a52e-4f735466cecf":"0197cee2-65ea-46ab-8c58-e5dd98618881","ELEMENT":"0197cee2-65ea-46ab-8c58-e5dd98618881"}]}
RESULT: {"script":"return (function isElementDisplayed(element) {\n    function nodeIsElement(node) {\n        if (!node) {\n            return false;\n        }\n        switch (node.nodeType) {\n            case Node.ELEMEN ... (7807 more bytes)","args":[{"element-6066-11e4-a52e-4f735466cecf":"0197cee2-65ea-46ab-8c58-e5dd98618881","ELEMENT":"0197cee2-65ea-46ab-8c58-e5dd98618881"}]}
COMMAND: POST /session/8039afc1eceb83967308e51eb1d8b566/execute/sync - {"script":"return (function isElementDisplayed(element) {\n    function nodeIsElement(node) {\n        if (!node) {\n            return false;\n        }\n        switch (node.nodeType) {\n            case Node.ELEMEN ... (7807 more bytes)","args":[{"element-6066-11e4-a52e-4f735466cecf":"0197cee2-65ea-46ab-8c58-e5dd98618881","ELEMENT":"0197cee2-65ea-46ab-8c58-e5dd98618881"}]}
RESULT: {"script":"return (function isElementDisplayed(element) {\n    function nodeIsElement(node) {\n        if (!node) {\n            return false;\n        }\n        switch (node.nodeType) {\n            case Node.ELEMEN ... (7807 more bytes)","args":[{"element-6066-11e4-a52e-4f735466cecf":"0197cee2-65ea-46ab-8c58-e5dd98618881","ELEMENT":"0197cee2-65ea-46ab-8c58-e5dd98618881"}]}
COMMAND: POST /session/8039afc1eceb83967308e51eb1d8b566/element - {"using":"xpath","value":"/html/body/div[2]/ejs-dialog/div[1]/button"}
RESULT: {"using":"xpath","value":"/html/body/div[2]/ejs-dialog/div[1]/button"}
COMMAND: POST /session/8039afc1eceb83967308e51eb1d8b566/element/9b730582-83f3-465e-9280-27d395da6cf1/click - {}
RESULT: {}
]]></system-out>
    </testcase>
    <testcase classname="chrome.110_0_5481_77.windows.Test_suite" name="WebDriverIO 4" time="53.031">
      <system-out><![CDATA[
COMMAND: POST /session/8039afc1eceb83967308e51eb1d8b566/cookie - {"cookie":{"name":"MyCookie","value":"ILoveJavaScript"}}
RESULT: {"cookie":{"name":"MyCookie","value":"ILoveJavaScript"}}
]]></system-out>
    </testcase>
    <testcase classname="chrome.110_0_5481_77.windows.Test_suite" name="WebDriverIO 5" time="0.205">
      <system-out><![CDATA[
COMMAND: POST /session/8039afc1eceb83967308e51eb1d8b566/element - {"using":"xpath","value":"//button[text()='Add New Doctor']"}
RESULT: {"using":"xpath","value":"//button[text()='Add New Doctor']"}
COMMAND: POST /session/8039afc1eceb83967308e51eb1d8b566/element/5923aab6-65d8-488d-8a3a-9e49da39d953/click - {}
RESULT: {}
COMMAND: POST /session/8039afc1eceb83967308e51eb1d8b566/element - {"using":"css selector","value":"div.button-container"}
RESULT: {"using":"css selector","value":"div.button-container"}
COMMAND: POST /session/8039afc1eceb83967308e51eb1d8b566/actions - {"actions":[{"id":"action2","type":"pointer","parameters":{"pointerType":"mouse"},"actions":[{"type":"pointerMove","button":0,"width":0,"height":0,"pressure":0,"tangentialPressure":0,"tiltX":0,"tiltY":0,"twist":0,"altitudeAngle":0,"_":"5 more keys: [\"azimuthAngle\",\"x\",\"y\",\"duration\",\"origin\"]"},{"type":"pointerDown","button":0,"width":0,"height":0,"pressure":0,"tangentialPressure":0,"tiltX":0,"tiltY":0,"twist":0,"altitudeAngle":0,"_":"1 more keys: [\"azimuthAngle\"]"},{"type":"pointerUp","button":0}]}]}
RESULT: {"actions":[{"id":"action2","type":"pointer","parameters":{"pointerType":"mouse"},"actions":[{"type":"pointerMove","button":0,"width":0,"height":0,"pressure":0,"tangentialPressure":0,"tiltX":0,"tiltY":0,"twist":0,"altitudeAngle":0,"_":"5 more keys: [\"azimuthAngle\",\"x\",\"y\",\"duration\",\"origin\"]"},{"type":"pointerDown","button":0,"width":0,"height":0,"pressure":0,"tangentialPressure":0,"tiltX":0,"tiltY":0,"twist":0,"altitudeAngle":0,"_":"1 more keys: [\"azimuthAngle\"]"},{"type":"pointerUp","button":0}]}]}
COMMAND: DELETE /session/8039afc1eceb83967308e51eb1d8b566/actions - {}
RESULT: {}
COMMAND: DELETE /session/8039afc1eceb83967308e51eb1d8b566 - {}
RESULT: {}
]]></system-out>
    </testcase>
  </testsuite>
</testsuites>