<?xml version="1.0" encoding="UTF-8"?>
<testsuites>
  <testsuite name="Test suite" timestamp="2023-02-14T17:40:31" time="57.41" tests="10" failures="0" errors="0" skipped="0">
    <properties>
      <property name="specId" value="0"/>
      <property name="suiteName" value="Test suite"/>
      <property name="capabilities" value="chrome.110_0_5481_77.windows"/>
      <property name="file" value="file:///C:/Users/Andrei_Kramski/source/repos/JavaScript-Automation/wdio/test/specs/test.spec.js"/>
    </properties>
    <testcase classname="chrome.110_0_5481_77.windows.Test_suite" name="First test" time="1.549">
      <system-out><![CDATA[
COMMAND: POST /session/7334ab9d2764b8afee461f818add37f6/url - {"url":"https://ej2.syncfusion.com/showcase/angular/appointmentplanner/#/dashboard"}
RESULT: {"url":"https://ej2.syncfusion.com/showcase/angular/appointmentplanner/#/dashboard"}
COMMAND: GET /session/7334ab9d2764b8afee461f818add37f6/title - {}
RESULT: {}
]]></system-out>
    </testcase>
    <testcase classname="chrome.110_0_5481_77.windows.Test_suite" name="Second test" time="0.537">
      <system-out><![CDATA[
COMMAND: POST /session/7334ab9d2764b8afee461f818add37f6/element - {"using":"css selector","value":"div.doctors"}
RESULT: {"using":"css selector","value":"div.doctors"}
COMMAND: POST /session/7334ab9d2764b8afee461f818add37f6/element/1e3404f2-e6c4-44e7-b923-e467dabb44d9/click - {}
RESULT: {}
COMMAND: POST /session/7334ab9d2764b8afee461f818add37f6/element - {"using":"xpath","value":"//button[text()='Add New Doctor']"}
RESULT: {"using":"xpath","value":"//button[text()='Add New Doctor']"}
COMMAND: POST /session/7334ab9d2764b8afee461f818add37f6/element/453ee144-f525-442c-b64d-20cfa381d502/click - {}
RESULT: {}
COMMAND: POST /session/7334ab9d2764b8afee461f818add37f6/element - {"using":"css selector","value":"input[name='Name']"}
RESULT: {"using":"css selector","value":"input[name='Name']"}
COMMAND: POST /session/7334ab9d2764b8afee461f818add37f6/element/59cfaf35-d0c1-4395-912d-e6f0a9907587/clear - {}
RESULT: {}
COMMAND: POST /session/7334ab9d2764b8afee461f818add37f6/element/59cfaf35-d0c1-4395-912d-e6f0a9907587/value - {"text":"Andrey"}
RESULT: {"text":"Andrey"}
COMMAND: POST /session/7334ab9d2764b8afee461f818add37f6/element - {"using":"xpath","value":"//button[text()='Save']"}
RESULT: {"using":"xpath","value":"//button[text()='Save']"}
COMMAND: POST /session/7334ab9d2764b8afee461f818add37f6/element/b7116882-117e-42f4-8d9a-dce534378420/click - {}
RESULT: {}
COMMAND: POST /session/7334ab9d2764b8afee461f818add37f6/element - {"using":"css selector","value":"label#Email-info"}
RESULT: {"using":"css selector","value":"label#Email-info"}
COMMAND: GET /session/7334ab9d2764b8afee461f818add37f6/element/cecf461f-af0f-4936-b9e2-d78840e94a61/text - {}
RESULT: {}
]]></system-out>
    </testcase>
    <testcase classname="chrome.110_0_5481_77.windows.Test_suite" name="Third test" time="0.579">
      <system-out><![CDATA[
COMMAND: POST /session/7334ab9d2764b8afee461f818add37f6/element - {"using":"xpath","value":"//button[text()='Cancel']"}
RESULT: {"using":"xpath","value":"//button[text()='Cancel']"}
COMMAND: POST /session/7334ab9d2764b8afee461f818add37f6/element/09b578e9-34a7-4d23-a703-1db59ee1403e/click - {}
RESULT: {}
COMMAND: POST /session/7334ab9d2764b8afee461f818add37f6/element - {"using":"css selector","value":"div.doctors"}
RESULT: {"using":"css selector","value":"div.doctors"}
COMMAND: POST /session/7334ab9d2764b8afee461f818add37f6/element/1e3404f2-e6c4-44e7-b923-e467dabb44d9/click - {}
RESULT: {}
COMMAND: POST /session/7334ab9d2764b8afee461f818add37f6/element - {"using":"xpath","value":"//button[text()='Add New Doctor']"}
RESULT: {"using":"xpath","value":"//button[text()='Add New Doctor']"}
COMMAND: POST /session/7334ab9d2764b8afee461f818add37f6/element/453ee144-f525-442c-b64d-20cfa381d502/click - {}
RESULT: {}
COMMAND: POST /session/7334ab9d2764b8afee461f818add37f6/element - {"using":"css selector","value":"input[name='Name']"}
RESULT: {"using":"css selector","value":"input[name='Name']"}
COMMAND: POST /session/7334ab9d2764b8afee461f818add37f6/element/59cfaf35-d0c1-4395-912d-e6f0a9907587/clear - {}
RESULT: {}
COMMAND: POST /session/7334ab9d2764b8afee461f818add37f6/element/59cfaf35-d0c1-4395-912d-e6f0a9907587/value - {"text":"Andrey"}
RESULT: {"text":"Andrey"}
COMMAND: POST /session/7334ab9d2764b8afee461f818add37f6/element - {"using":"css selector","value":"input[name=Email]"}
RESULT: {"using":"css selector","value":"input[name=Email]"}
COMMAND: POST /session/7334ab9d2764b8afee461f818add37f6/element/aae8c01a-2ac9-4d9b-887b-4f0e9c3d6dca/clear - {}
RESULT: {}
COMMAND: POST /session/7334ab9d2764b8afee461f818add37f6/element/aae8c01a-2ac9-4d9b-887b-4f0e9c3d6dca/value - {"text":"Andrey@gmail.com"}
RESULT: {"text":"Andrey@gmail.com"}
COMMAND: POST /session/7334ab9d2764b8afee461f818add37f6/element - {"using":"css selector","value":"input[name=Education]"}
RESULT: {"using":"css selector","value":"input[name=Education]"}
COMMAND: POST /session/7334ab9d2764b8afee461f818add37f6/element/22968917-6d8c-4709-a588-64b859d9fa99/clear - {}
RESULT: {}
COMMAND: POST /session/7334ab9d2764b8afee461f818add37f6/element/22968917-6d8c-4709-a588-64b859d9fa99/value - {"text":"Univesity"}
RESULT: {"text":"Univesity"}
COMMAND: POST /session/7334ab9d2764b8afee461f818add37f6/element - {"using":"xpath","value":"//button[text()='Save']"}
RESULT: {"using":"xpath","value":"//button[text()='Save']"}
COMMAND: POST /session/7334ab9d2764b8afee461f818add37f6/element/b7116882-117e-42f4-8d9a-dce534378420/click - {}
RESULT: {}
COMMAND: POST /session/7334ab9d2764b8afee461f818add37f6/element - {"using":"css selector","value":"label#undefined-info"}
RESULT: {"using":"css selector","value":"label#undefined-info"}
COMMAND: GET /session/7334ab9d2764b8afee461f818add37f6/element/e724293b-3052-42b3-a89c-91824f67ce6f/text - {}
RESULT: {}
]]></system-out>
    </testcase>
    <testcase classname="chrome.110_0_5481_77.windows.Test_suite" name="Fourth test" time="0.55">
      <system-out><![CDATA[
COMMAND: POST /session/7334ab9d2764b8afee461f818add37f6/element - {"using":"xpath","value":"//button[text()='Cancel']"}
RESULT: {"using":"xpath","value":"//button[text()='Cancel']"}
COMMAND: POST /session/7334ab9d2764b8afee461f818add37f6/element/09b578e9-34a7-4d23-a703-1db59ee1403e/click - {}
RESULT: {}
COMMAND: POST /session/7334ab9d2764b8afee461f818add37f6/element - {"using":"css selector","value":"div.doctors"}
RESULT: {"using":"css selector","value":"div.doctors"}
COMMAND: POST /session/7334ab9d2764b8afee461f818add37f6/element/1e3404f2-e6c4-44e7-b923-e467dabb44d9/click - {}
RESULT: {}
COMMAND: POST /session/7334ab9d2764b8afee461f818add37f6/element - {"using":"xpath","value":"//button[text()='Add New Doctor']"}
RESULT: {"using":"xpath","value":"//button[text()='Add New Doctor']"}
COMMAND: POST /session/7334ab9d2764b8afee461f818add37f6/element/453ee144-f525-442c-b64d-20cfa381d502/click - {}
RESULT: {}
COMMAND: POST /session/7334ab9d2764b8afee461f818add37f6/element - {"using":"css selector","value":"input[name='Name']"}
RESULT: {"using":"css selector","value":"input[name='Name']"}
COMMAND: POST /session/7334ab9d2764b8afee461f818add37f6/element/59cfaf35-d0c1-4395-912d-e6f0a9907587/clear - {}
RESULT: {}
COMMAND: POST /session/7334ab9d2764b8afee461f818add37f6/element/59cfaf35-d0c1-4395-912d-e6f0a9907587/value - {"text":"Andrey"}
RESULT: {"text":"Andrey"}
COMMAND: POST /session/7334ab9d2764b8afee461f818add37f6/element - {"using":"css selector","value":"input[name=Email]"}
RESULT: {"using":"css selector","value":"input[name=Email]"}
COMMAND: POST /session/7334ab9d2764b8afee461f818add37f6/element/aae8c01a-2ac9-4d9b-887b-4f0e9c3d6dca/clear - {}
RESULT: {}
COMMAND: POST /session/7334ab9d2764b8afee461f818add37f6/element/aae8c01a-2ac9-4d9b-887b-4f0e9c3d6dca/value - {"text":"Andrey@gmail.com"}
RESULT: {"text":"Andrey@gmail.com"}
COMMAND: POST /session/7334ab9d2764b8afee461f818add37f6/element - {"using":"css selector","value":"#DoctorMobile"}
RESULT: {"using":"css selector","value":"#DoctorMobile"}
COMMAND: POST /session/7334ab9d2764b8afee461f818add37f6/element/8329b130-ac6b-460a-b2f7-c431c24ce815/clear - {}
RESULT: {}
COMMAND: POST /session/7334ab9d2764b8afee461f818add37f6/element/8329b130-ac6b-460a-b2f7-c431c24ce815/value - {"text":"9999999999"}
RESULT: {"text":"9999999999"}
COMMAND: POST /session/7334ab9d2764b8afee461f818add37f6/element - {"using":"xpath","value":"//button[text()='Save']"}
RESULT: {"using":"xpath","value":"//button[text()='Save']"}
COMMAND: POST /session/7334ab9d2764b8afee461f818add37f6/element/b7116882-117e-42f4-8d9a-dce534378420/click - {}
RESULT: {}
COMMAND: POST /session/7334ab9d2764b8afee461f818add37f6/element - {"using":"css selector","value":"label#Education-info"}
RESULT: {"using":"css selector","value":"label#Education-info"}
COMMAND: GET /session/7334ab9d2764b8afee461f818add37f6/element/9ac5174c-16ee-4dcd-bf2e-32af202e4fd8/text - {}
RESULT: {}
]]></system-out>
    </testcase>
    <testcase classname="chrome.110_0_5481_77.windows.Test_suite" name="Fifth test" time="0.569">
      <system-out><![CDATA[
COMMAND: POST /session/7334ab9d2764b8afee461f818add37f6/element - {"using":"xpath","value":"//button[text()='Cancel']"}
RESULT: {"using":"xpath","value":"//button[text()='Cancel']"}
COMMAND: POST /session/7334ab9d2764b8afee461f818add37f6/element/09b578e9-34a7-4d23-a703-1db59ee1403e/click - {}
RESULT: {}
COMMAND: POST /session/7334ab9d2764b8afee461f818add37f6/element - {"using":"css selector","value":"div.doctors"}
RESULT: {"using":"css selector","value":"div.doctors"}
COMMAND: POST /session/7334ab9d2764b8afee461f818add37f6/element/1e3404f2-e6c4-44e7-b923-e467dabb44d9/click - {}
RESULT: {}
COMMAND: POST /session/7334ab9d2764b8afee461f818add37f6/element - {"using":"xpath","value":"//button[text()='Add New Doctor']"}
RESULT: {"using":"xpath","value":"//button[text()='Add New Doctor']"}
COMMAND: POST /session/7334ab9d2764b8afee461f818add37f6/element/453ee144-f525-442c-b64d-20cfa381d502/click - {}
RESULT: {}
COMMAND: POST /session/7334ab9d2764b8afee461f818add37f6/element - {"using":"css selector","value":"input[name=Education]"}
RESULT: {"using":"css selector","value":"input[name=Education]"}
COMMAND: POST /session/7334ab9d2764b8afee461f818add37f6/element/22968917-6d8c-4709-a588-64b859d9fa99/clear - {}
RESULT: {}
COMMAND: POST /session/7334ab9d2764b8afee461f818add37f6/element/22968917-6d8c-4709-a588-64b859d9fa99/value - {"text":"Univesity"}
RESULT: {"text":"Univesity"}
COMMAND: POST /session/7334ab9d2764b8afee461f818add37f6/element - {"using":"css selector","value":"input[name=Email]"}
RESULT: {"using":"css selector","value":"input[name=Email]"}
COMMAND: POST /session/7334ab9d2764b8afee461f818add37f6/element/aae8c01a-2ac9-4d9b-887b-4f0e9c3d6dca/clear - {}
RESULT: {}
COMMAND: POST /session/7334ab9d2764b8afee461f818add37f6/element/aae8c01a-2ac9-4d9b-887b-4f0e9c3d6dca/value - {"text":"Andrey@gmail.com"}
RESULT: {"text":"Andrey@gmail.com"}
COMMAND: POST /session/7334ab9d2764b8afee461f818add37f6/element - {"using":"css selector","value":"#DoctorMobile"}
RESULT: {"using":"css selector","value":"#DoctorMobile"}
COMMAND: POST /session/7334ab9d2764b8afee461f818add37f6/element/8329b130-ac6b-460a-b2f7-c431c24ce815/clear - {}
RESULT: {}
COMMAND: POST /session/7334ab9d2764b8afee461f818add37f6/element/8329b130-ac6b-460a-b2f7-c431c24ce815/value - {"text":"9999999999"}
RESULT: {"text":"9999999999"}
COMMAND: POST /session/7334ab9d2764b8afee461f818add37f6/element - {"using":"xpath","value":"//button[text()='Save']"}
RESULT: {"using":"xpath","value":"//button[text()='Save']"}
COMMAND: POST /session/7334ab9d2764b8afee461f818add37f6/element/b7116882-117e-42f4-8d9a-dce534378420/click - {}
RESULT: {}
COMMAND: POST /session/7334ab9d2764b8afee461f818add37f6/element - {"using":"css selector","value":"label#Name-info"}
RESULT: {"using":"css selector","value":"label#Name-info"}
COMMAND: GET /session/7334ab9d2764b8afee461f818add37f6/element/6dbc84a9-bed1-410d-946a-4a6604ce9844/text - {}
RESULT: {}
COMMAND: POST /session/7334ab9d2764b8afee461f818add37f6/element - {"using":"xpath","value":"/html/body/div[2]/ejs-dialog/div[1]/button"}
RESULT: {"using":"xpath","value":"/html/body/div[2]/ejs-dialog/div[1]/button"}
COMMAND: POST /session/7334ab9d2764b8afee461f818add37f6/element/699882d3-e7c7-40fa-864a-eed5fa505928/click - {}
RESULT: {}
]]></system-out>
    </testcase>
    <testcase classname="chrome.110_0_5481_77.windows.Test_suite" name="WebDriverIO 1" time="0.045">
      <system-out><![CDATA[
COMMAND: POST /session/7334ab9d2764b8afee461f818add37f6/element - {"using":"css selector","value":"div.dashboard"}
RESULT: {"using":"css selector","value":"div.dashboard"}
COMMAND: POST /session/7334ab9d2764b8afee461f818add37f6/elements - {"using":"css selector","value":"div.dashboard"}
RESULT: {"using":"css selector","value":"div.dashboard"}
COMMAND: POST /session/7334ab9d2764b8afee461f818add37f6/elements - {"using":"css selector","value":"div.dashboard"}
RESULT: {"using":"css selector","value":"div.dashboard"}
]]></system-out>
    </testcase>
    <testcase classname="chrome.110_0_5481_77.windows.Test_suite" name="WebDriverIO 2" time="0.04">
      <system-out><![CDATA[
COMMAND: POST /session/7334ab9d2764b8afee461f818add37f6/element - {"using":"css selector","value":"label#Name-info"}
RESULT: {"using":"css selector","value":"label#Name-info"}
COMMAND: POST /session/7334ab9d2764b8afee461f818add37f6/execute/sync - {"script":"return (function isElementDisplayed(element) {\n    function nodeIsElement(node) {\n        if (!node) {\n            return false;\n        }\n        switch (node.nodeType) {\n            case Node.ELEMEN ... (7807 more bytes)","args":[{"element-6066-11e4-a52e-4f735466cecf":"6dbc84a9-bed1-410d-946a-4a6604ce9844","ELEMENT":"6dbc84a9-bed1-410d-946a-4a6604ce9844"}]}
RESULT: {"script":"return (function isElementDisplayed(element) {\n    function nodeIsElement(node) {\n        if (!node) {\n            return false;\n        }\n        switch (node.nodeType) {\n            case Node.ELEMEN ... (7807 more bytes)","args":[{"element-6066-11e4-a52e-4f735466cecf":"6dbc84a9-bed1-410d-946a-4a6604ce9844","ELEMENT":"6dbc84a9-bed1-410d-946a-4a6604ce9844"}]}
COMMAND: POST /session/7334ab9d2764b8afee461f818add37f6/elements - {"using":"css selector","value":"label#Name-info"}
RESULT: {"using":"css selector","value":"label#Name-info"}
]]></system-out>
    </testcase>
    <testcase classname="chrome.110_0_5481_77.windows.Test_suite" name="WebDriverIO 3" time="0.274">
      <system-out><![CDATA[
COMMAND: POST /session/7334ab9d2764b8afee461f818add37f6/element - {"using":"xpath","value":"//button[text()='Add New Doctor']"}
RESULT: {"using":"xpath","value":"//button[text()='Add New Doctor']"}
COMMAND: POST /session/7334ab9d2764b8afee461f818add37f6/actions - {"actions":[{"id":"action1","type":"pointer","parameters":{"pointerType":"mouse"},"actions":[{"type":"pointerMove","button":0,"width":0,"height":0,"pressure":0,"tangentialPressure":0,"tiltX":0,"tiltY":0,"twist":0,"altitudeAngle":0,"_":"5 more keys: [\"azimuthAngle\",\"x\",\"y\",\"duration\",\"origin\"]"},{"type":"pointerDown","button":0,"width":0,"height":0,"pressure":0,"tangentialPressure":0,"tiltX":0,"tiltY":0,"twist":0,"altitudeAngle":0,"_":"1 more keys: [\"azimuthAngle\"]"},{"type":"pointerUp","button":0}]}]}
RESULT: {"actions":[{"id":"action1","type":"pointer","parameters":{"pointerType":"mouse"},"actions":[{"type":"pointerMove","button":0,"width":0,"height":0,"pressure":0,"tangentialPressure":0,"tiltX":0,"tiltY":0,"twist":0,"altitudeAngle":0,"_":"5 more keys: [\"azimuthAngle\",\"x\",\"y\",\"duration\",\"origin\"]"},{"type":"pointerDown","button":0,"width":0,"height":0,"pressure":0,"tangentialPressure":0,"tiltX":0,"tiltY":0,"twist":0,"altitudeAngle":0,"_":"1 more keys: [\"azimuthAngle\"]"},{"type":"pointerUp","button":0}]}]}
COMMAND: DELETE /session/7334ab9d2764b8afee461f818add37f6/actions - {}
RESULT: {}
COMMAND: POST /session/7334ab9d2764b8afee461f818add37f6/element - {"using":"css selector","value":"div.e-dlg-content"}
RESULT: {"using":"css selector","value":"div.e-dlg-content"}
COMMAND: POST /session/7334ab9d2764b8afee461f818add37f6/execute/sync - {"script":"return (function isElementDisplayed(element) {\n    function nodeIsElement(node) {\n        if (!node) {\n            return false;\n        }\n        switch (node.nodeType) {\n            case Node.ELEMEN ... (7807 more bytes)","args":[{"element-6066-11e4-a52e-4f735466cecf":"7f39bf57-7e67-4fda-b5b9-bedd473dde81","ELEMENT":"7f39bf57-7e67-4fda-b5b9-bedd473dde81"}]}
RESULT: {"script":"return (function isElementDisplayed(element) {\n    function nodeIsElement(node) {\n        if (!node) {\n            return false;\n        }\n        switch (node.nodeType) {\n            case Node.ELEMEN ... (7807 more bytes)","args":[{"element-6066-11e4-a52e-4f735466cecf":"7f39bf57-7e67-4fda-b5b9-bedd473dde81","ELEMENT":"7f39bf57-7e67-4fda-b5b9-bedd473dde81"}]}
COMMAND: POST /session/7334ab9d2764b8afee461f818add37f6/execute/sync - {"script":"return (function isElementDisplayed(element) {\n    function nodeIsElement(node) {\n        if (!node) {\n            return false;\n        }\n        switch (node.nodeType) {\n            case Node.ELEMEN ... (7807 more bytes)","args":[{"element-6066-11e4-a52e-4f735466cecf":"7f39bf57-7e67-4fda-b5b9-bedd473dde81","ELEMENT":"7f39bf57-7e67-4fda-b5b9-bedd473dde81"}]}
RESULT: {"script":"return (function isElementDisplayed(element) {\n    function nodeIsElement(node) {\n        if (!node) {\n            return false;\n        }\n        switch (node.nodeType) {\n            case Node.ELEMEN ... (7807 more bytes)","args":[{"element-6066-11e4-a52e-4f735466cecf":"7f39bf57-7e67-4fda-b5b9-bedd473dde81","ELEMENT":"7f39bf57-7e67-4fda-b5b9-bedd473dde81"}]}
COMMAND: POST /session/7334ab9d2764b8afee461f818add37f6/element - {"using":"xpath","value":"/html/body/div[2]/ejs-dialog/div[1]/button"}
RESULT: {"using":"xpath","value":"/html/body/div[2]/ejs-dialog/div[1]/button"}
COMMAND: POST /session/7334ab9d2764b8afee461f818add37f6/element/699882d3-e7c7-40fa-864a-eed5fa505928/click - {}
RESULT: {}
]]></system-out>
    </testcase>
    <testcase classname="chrome.110_0_5481_77.windows.Test_suite" name="WebDriverIO 4" time="53.038">
      <system-out><![CDATA[
COMMAND: POST /session/7334ab9d2764b8afee461f818add37f6/cookie - {"cookie":{"name":"MyCookie","value":"ILoveJavaScript"}}
RESULT: {"cookie":{"name":"MyCookie","value":"ILoveJavaScript"}}
]]></system-out>
    </testcase>
    <testcase classname="chrome.110_0_5481_77.windows.Test_suite" name="WebDriverIO 5" time="0.222">
      <system-out><![CDATA[
COMMAND: POST /session/7334ab9d2764b8afee461f818add37f6/element - {"using":"xpath","value":"//button[text()='Add New Doctor']"}
RESULT: {"using":"xpath","value":"//button[text()='Add New Doctor']"}
COMMAND: POST /session/7334ab9d2764b8afee461f818add37f6/element/453ee144-f525-442c-b64d-20cfa381d502/click - {}
RESULT: {}
COMMAND: POST /session/7334ab9d2764b8afee461f818add37f6/element - {"using":"css selector","value":"div.button-container"}
RESULT: {"using":"css selector","value":"div.button-container"}
COMMAND: POST /session/7334ab9d2764b8afee461f818add37f6/actions - {"actions":[{"id":"action2","type":"pointer","parameters":{"pointerType":"mouse"},"actions":[{"type":"pointerMove","button":0,"width":0,"height":0,"pressure":0,"tangentialPressure":0,"tiltX":0,"tiltY":0,"twist":0,"altitudeAngle":0,"_":"5 more keys: [\"azimuthAngle\",\"x\",\"y\",\"duration\",\"origin\"]"},{"type":"pointerDown","button":0,"width":0,"height":0,"pressure":0,"tangentialPressure":0,"tiltX":0,"tiltY":0,"twist":0,"altitudeAngle":0,"_":"1 more keys: [\"azimuthAngle\"]"},{"type":"pointerUp","button":0}]}]}
RESULT: {"actions":[{"id":"action2","type":"pointer","parameters":{"pointerType":"mouse"},"actions":[{"type":"pointerMove","button":0,"width":0,"height":0,"pressure":0,"tangentialPressure":0,"tiltX":0,"tiltY":0,"twist":0,"altitudeAngle":0,"_":"5 more keys: [\"azimuthAngle\",\"x\",\"y\",\"duration\",\"origin\"]"},{"type":"pointerDown","button":0,"width":0,"height":0,"pressure":0,"tangentialPressure":0,"tiltX":0,"tiltY":0,"twist":0,"altitudeAngle":0,"_":"1 more keys: [\"azimuthAngle\"]"},{"type":"pointerUp","button":0}]}]}
COMMAND: DELETE /session/7334ab9d2764b8afee461f818add37f6/actions - {}
RESULT: {}
COMMAND: DELETE /session/7334ab9d2764b8afee461f818add37f6 - {}
RESULT: {}
]]></system-out>
    </testcase>
  </testsuite>
</testsuites>