<?xml version="1.0" encoding="UTF-8"?>
<testsuites>
  <testsuite name="Test suite" timestamp="2023-02-16T12:39:51" time="57.929" tests="10" failures="0" errors="0" skipped="0">
    <properties>
      <property name="specId" value="0"/>
      <property name="suiteName" value="Test suite"/>
      <property name="capabilities" value="chrome.110_0_5481_77.windows"/>
      <property name="file" value="file:///C:/Users/Andrei_Kramski/source/repos/JavaScript-Automation/wdio/test/specs/test.spec.js"/>
    </properties>
    <testcase classname="chrome.110_0_5481_77.windows.Test_suite" name="First test" time="1.901">
      <system-out><![CDATA[
COMMAND: POST /session/b0a8127c26235316882093bf7e21b6ad/url - {"url":"https://ej2.syncfusion.com/showcase/angular/appointmentplanner/#/dashboard"}
RESULT: {"url":"https://ej2.syncfusion.com/showcase/angular/appointmentplanner/#/dashboard"}
COMMAND: GET /session/b0a8127c26235316882093bf7e21b6ad/title - {}
RESULT: {}
]]></system-out>
    </testcase>
    <testcase classname="chrome.110_0_5481_77.windows.Test_suite" name="Second test" time="0.522">
      <system-out><![CDATA[
COMMAND: POST /session/b0a8127c26235316882093bf7e21b6ad/element - {"using":"css selector","value":"div.doctors"}
RESULT: {"using":"css selector","value":"div.doctors"}
COMMAND: POST /session/b0a8127c26235316882093bf7e21b6ad/element/5627099a-d903-4d3e-9846-4c6b921b79e9/click - {}
RESULT: {}
COMMAND: POST /session/b0a8127c26235316882093bf7e21b6ad/element - {"using":"xpath","value":"//button[text()='Add New Doctor']"}
RESULT: {"using":"xpath","value":"//button[text()='Add New Doctor']"}
COMMAND: POST /session/b0a8127c26235316882093bf7e21b6ad/element/2c4b7439-9537-4e30-b688-00a506758cb2/click - {}
RESULT: {}
COMMAND: POST /session/b0a8127c26235316882093bf7e21b6ad/element - {"using":"css selector","value":"input[name='Name']"}
RESULT: {"using":"css selector","value":"input[name='Name']"}
COMMAND: POST /session/b0a8127c26235316882093bf7e21b6ad/element/48899316-ee02-4ec0-8cee-ec2259494186/clear - {}
RESULT: {}
COMMAND: POST /session/b0a8127c26235316882093bf7e21b6ad/element/48899316-ee02-4ec0-8cee-ec2259494186/value - {"text":"Andrey"}
RESULT: {"text":"Andrey"}
COMMAND: POST /session/b0a8127c26235316882093bf7e21b6ad/element - {"using":"xpath","value":"//button[text()='Save']"}
RESULT: {"using":"xpath","value":"//button[text()='Save']"}
COMMAND: POST /session/b0a8127c26235316882093bf7e21b6ad/element/67462cc6-3d8f-4e5a-a99c-bb14274c26f6/click - {}
RESULT: {}
COMMAND: POST /session/b0a8127c26235316882093bf7e21b6ad/element - {"using":"css selector","value":"label#Email-info"}
RESULT: {"using":"css selector","value":"label#Email-info"}
COMMAND: GET /session/b0a8127c26235316882093bf7e21b6ad/element/7b50bdca-70b4-4182-a777-f90deb37c12a/text - {}
RESULT: {}
]]></system-out>
    </testcase>
    <testcase classname="chrome.110_0_5481_77.windows.Test_suite" name="Third test" time="0.593">
      <system-out><![CDATA[
COMMAND: POST /session/b0a8127c26235316882093bf7e21b6ad/element - {"using":"xpath","value":"//button[text()='Cancel']"}
RESULT: {"using":"xpath","value":"//button[text()='Cancel']"}
COMMAND: POST /session/b0a8127c26235316882093bf7e21b6ad/element/0010d77f-d3cc-45a3-847e-8de5f79f7545/click - {}
RESULT: {}
COMMAND: POST /session/b0a8127c26235316882093bf7e21b6ad/element - {"using":"css selector","value":"div.doctors"}
RESULT: {"using":"css selector","value":"div.doctors"}
COMMAND: POST /session/b0a8127c26235316882093bf7e21b6ad/element/5627099a-d903-4d3e-9846-4c6b921b79e9/click - {}
RESULT: {}
COMMAND: POST /session/b0a8127c26235316882093bf7e21b6ad/element - {"using":"xpath","value":"//button[text()='Add New Doctor']"}
RESULT: {"using":"xpath","value":"//button[text()='Add New Doctor']"}
COMMAND: POST /session/b0a8127c26235316882093bf7e21b6ad/element/2c4b7439-9537-4e30-b688-00a506758cb2/click - {}
RESULT: {}
COMMAND: POST /session/b0a8127c26235316882093bf7e21b6ad/element - {"using":"css selector","value":"input[name='Name']"}
RESULT: {"using":"css selector","value":"input[name='Name']"}
COMMAND: POST /session/b0a8127c26235316882093bf7e21b6ad/element/48899316-ee02-4ec0-8cee-ec2259494186/clear - {}
RESULT: {}
COMMAND: POST /session/b0a8127c26235316882093bf7e21b6ad/element/48899316-ee02-4ec0-8cee-ec2259494186/value - {"text":"Andrey"}
RESULT: {"text":"Andrey"}
COMMAND: POST /session/b0a8127c26235316882093bf7e21b6ad/element - {"using":"css selector","value":"input[name=Email]"}
RESULT: {"using":"css selector","value":"input[name=Email]"}
COMMAND: POST /session/b0a8127c26235316882093bf7e21b6ad/element/9401b4dc-064d-4f2a-9320-2c60ae6fcf35/clear - {}
RESULT: {}
COMMAND: POST /session/b0a8127c26235316882093bf7e21b6ad/element/9401b4dc-064d-4f2a-9320-2c60ae6fcf35/value - {"text":"Andrey@gmail.com"}
RESULT: {"text":"Andrey@gmail.com"}
COMMAND: POST /session/b0a8127c26235316882093bf7e21b6ad/element - {"using":"css selector","value":"input[name=Education]"}
RESULT: {"using":"css selector","value":"input[name=Education]"}
COMMAND: POST /session/b0a8127c26235316882093bf7e21b6ad/element/316be0db-f500-4e28-802d-28e0ef27a959/clear - {}
RESULT: {}
COMMAND: POST /session/b0a8127c26235316882093bf7e21b6ad/element/316be0db-f500-4e28-802d-28e0ef27a959/value - {"text":"Univesity"}
RESULT: {"text":"Univesity"}
COMMAND: POST /session/b0a8127c26235316882093bf7e21b6ad/element - {"using":"xpath","value":"//button[text()='Save']"}
RESULT: {"using":"xpath","value":"//button[text()='Save']"}
COMMAND: POST /session/b0a8127c26235316882093bf7e21b6ad/element/67462cc6-3d8f-4e5a-a99c-bb14274c26f6/click - {}
RESULT: {}
COMMAND: POST /session/b0a8127c26235316882093bf7e21b6ad/element - {"using":"css selector","value":"label#undefined-info"}
RESULT: {"using":"css selector","value":"label#undefined-info"}
COMMAND: GET /session/b0a8127c26235316882093bf7e21b6ad/element/e5146ae7-2d04-48b0-b5e0-fca2586520bc/text - {}
RESULT: {}
]]></system-out>
    </testcase>
    <testcase classname="chrome.110_0_5481_77.windows.Test_suite" name="Fourth test" time="0.608">
      <system-out><![CDATA[
COMMAND: POST /session/b0a8127c26235316882093bf7e21b6ad/element - {"using":"xpath","value":"//button[text()='Cancel']"}
RESULT: {"using":"xpath","value":"//button[text()='Cancel']"}
COMMAND: POST /session/b0a8127c26235316882093bf7e21b6ad/element/0010d77f-d3cc-45a3-847e-8de5f79f7545/click - {}
RESULT: {}
COMMAND: POST /session/b0a8127c26235316882093bf7e21b6ad/element - {"using":"css selector","value":"div.doctors"}
RESULT: {"using":"css selector","value":"div.doctors"}
COMMAND: POST /session/b0a8127c26235316882093bf7e21b6ad/element/5627099a-d903-4d3e-9846-4c6b921b79e9/click - {}
RESULT: {}
COMMAND: POST /session/b0a8127c26235316882093bf7e21b6ad/element - {"using":"xpath","value":"//button[text()='Add New Doctor']"}
RESULT: {"using":"xpath","value":"//button[text()='Add New Doctor']"}
COMMAND: POST /session/b0a8127c26235316882093bf7e21b6ad/element/2c4b7439-9537-4e30-b688-00a506758cb2/click - {}
RESULT: {}
COMMAND: POST /session/b0a8127c26235316882093bf7e21b6ad/element - {"using":"css selector","value":"input[name='Name']"}
RESULT: {"using":"css selector","value":"input[name='Name']"}
COMMAND: POST /session/b0a8127c26235316882093bf7e21b6ad/element/48899316-ee02-4ec0-8cee-ec2259494186/clear - {}
RESULT: {}
COMMAND: POST /session/b0a8127c26235316882093bf7e21b6ad/element/48899316-ee02-4ec0-8cee-ec2259494186/value - {"text":"Andrey"}
RESULT: {"text":"Andrey"}
COMMAND: POST /session/b0a8127c26235316882093bf7e21b6ad/element - {"using":"css selector","value":"input[name=Email]"}
RESULT: {"using":"css selector","value":"input[name=Email]"}
COMMAND: POST /session/b0a8127c26235316882093bf7e21b6ad/element/9401b4dc-064d-4f2a-9320-2c60ae6fcf35/clear - {}
RESULT: {}
COMMAND: POST /session/b0a8127c26235316882093bf7e21b6ad/element/9401b4dc-064d-4f2a-9320-2c60ae6fcf35/value - {"text":"Andrey@gmail.com"}
RESULT: {"text":"Andrey@gmail.com"}
COMMAND: POST /session/b0a8127c26235316882093bf7e21b6ad/element - {"using":"css selector","value":"#DoctorMobile"}
RESULT: {"using":"css selector","value":"#DoctorMobile"}
COMMAND: POST /session/b0a8127c26235316882093bf7e21b6ad/element/9906d5a1-31e3-4853-b2eb-df36e74b0f09/clear - {}
RESULT: {}
COMMAND: POST /session/b0a8127c26235316882093bf7e21b6ad/element/9906d5a1-31e3-4853-b2eb-df36e74b0f09/value - {"text":"9999999999"}
RESULT: {"text":"9999999999"}
COMMAND: POST /session/b0a8127c26235316882093bf7e21b6ad/element - {"using":"xpath","value":"//button[text()='Save']"}
RESULT: {"using":"xpath","value":"//button[text()='Save']"}
COMMAND: POST /session/b0a8127c26235316882093bf7e21b6ad/element/67462cc6-3d8f-4e5a-a99c-bb14274c26f6/click - {}
RESULT: {}
COMMAND: POST /session/b0a8127c26235316882093bf7e21b6ad/element - {"using":"css selector","value":"label#Education-info"}
RESULT: {"using":"css selector","value":"label#Education-info"}
COMMAND: GET /session/b0a8127c26235316882093bf7e21b6ad/element/5111e169-9bcc-4f0e-a72b-f14067f39cea/text - {}
RESULT: {}
]]></system-out>
    </testcase>
    <testcase classname="chrome.110_0_5481_77.windows.Test_suite" name="Fifth test" time="0.681">
      <system-out><![CDATA[
COMMAND: POST /session/b0a8127c26235316882093bf7e21b6ad/element - {"using":"xpath","value":"//button[text()='Cancel']"}
RESULT: {"using":"xpath","value":"//button[text()='Cancel']"}
COMMAND: POST /session/b0a8127c26235316882093bf7e21b6ad/element/0010d77f-d3cc-45a3-847e-8de5f79f7545/click - {}
RESULT: {}
COMMAND: POST /session/b0a8127c26235316882093bf7e21b6ad/element - {"using":"css selector","value":"div.doctors"}
RESULT: {"using":"css selector","value":"div.doctors"}
COMMAND: POST /session/b0a8127c26235316882093bf7e21b6ad/element/5627099a-d903-4d3e-9846-4c6b921b79e9/click - {}
RESULT: {}
COMMAND: POST /session/b0a8127c26235316882093bf7e21b6ad/element - {"using":"xpath","value":"//button[text()='Add New Doctor']"}
RESULT: {"using":"xpath","value":"//button[text()='Add New Doctor']"}
COMMAND: POST /session/b0a8127c26235316882093bf7e21b6ad/element/2c4b7439-9537-4e30-b688-00a506758cb2/click - {}
RESULT: {}
COMMAND: POST /session/b0a8127c26235316882093bf7e21b6ad/element - {"using":"css selector","value":"input[name=Education]"}
RESULT: {"using":"css selector","value":"input[name=Education]"}
COMMAND: POST /session/b0a8127c26235316882093bf7e21b6ad/element/316be0db-f500-4e28-802d-28e0ef27a959/clear - {}
RESULT: {}
COMMAND: POST /session/b0a8127c26235316882093bf7e21b6ad/element/316be0db-f500-4e28-802d-28e0ef27a959/value - {"text":"Univesity"}
RESULT: {"text":"Univesity"}
COMMAND: POST /session/b0a8127c26235316882093bf7e21b6ad/element - {"using":"css selector","value":"input[name=Email]"}
RESULT: {"using":"css selector","value":"input[name=Email]"}
COMMAND: POST /session/b0a8127c26235316882093bf7e21b6ad/element/9401b4dc-064d-4f2a-9320-2c60ae6fcf35/clear - {}
RESULT: {}
COMMAND: POST /session/b0a8127c26235316882093bf7e21b6ad/element/9401b4dc-064d-4f2a-9320-2c60ae6fcf35/value - {"text":"Andrey@gmail.com"}
RESULT: {"text":"Andrey@gmail.com"}
COMMAND: POST /session/b0a8127c26235316882093bf7e21b6ad/element - {"using":"css selector","value":"#DoctorMobile"}
RESULT: {"using":"css selector","value":"#DoctorMobile"}
COMMAND: POST /session/b0a8127c26235316882093bf7e21b6ad/element/9906d5a1-31e3-4853-b2eb-df36e74b0f09/clear - {}
RESULT: {}
COMMAND: POST /session/b0a8127c26235316882093bf7e21b6ad/element/9906d5a1-31e3-4853-b2eb-df36e74b0f09/value - {"text":"9999999999"}
RESULT: {"text":"9999999999"}
COMMAND: POST /session/b0a8127c26235316882093bf7e21b6ad/element - {"using":"xpath","value":"//button[text()='Save']"}
RESULT: {"using":"xpath","value":"//button[text()='Save']"}
COMMAND: POST /session/b0a8127c26235316882093bf7e21b6ad/element/67462cc6-3d8f-4e5a-a99c-bb14274c26f6/click - {}
RESULT: {}
COMMAND: POST /session/b0a8127c26235316882093bf7e21b6ad/element - {"using":"css selector","value":"label#Name-info"}
RESULT: {"using":"css selector","value":"label#Name-info"}
COMMAND: GET /session/b0a8127c26235316882093bf7e21b6ad/element/2678560f-1ad8-4621-80e9-82f2809b0229/text - {}
RESULT: {}
COMMAND: POST /session/b0a8127c26235316882093bf7e21b6ad/element - {"using":"xpath","value":"/html/body/div[2]/ejs-dialog/div[1]/button"}
RESULT: {"using":"xpath","value":"/html/body/div[2]/ejs-dialog/div[1]/button"}
COMMAND: POST /session/b0a8127c26235316882093bf7e21b6ad/element/9e4787cd-3aad-4ce5-bb55-8e01b7472a9e/click - {}
RESULT: {}
]]></system-out>
    </testcase>
    <testcase classname="chrome.110_0_5481_77.windows.Test_suite" name="WebDriverIO 1" time="0.05">
      <system-out><![CDATA[
COMMAND: POST /session/b0a8127c26235316882093bf7e21b6ad/element - {"using":"css selector","value":"div.dashboard"}
RESULT: {"using":"css selector","value":"div.dashboard"}
COMMAND: POST /session/b0a8127c26235316882093bf7e21b6ad/elements - {"using":"css selector","value":"div.dashboard"}
RESULT: {"using":"css selector","value":"div.dashboard"}
COMMAND: POST /session/b0a8127c26235316882093bf7e21b6ad/elements - {"using":"css selector","value":"div.dashboard"}
RESULT: {"using":"css selector","value":"div.dashboard"}
]]></system-out>
    </testcase>
    <testcase classname="chrome.110_0_5481_77.windows.Test_suite" name="WebDriverIO 2" time="0.067">
      <system-out><![CDATA[
COMMAND: POST /session/b0a8127c26235316882093bf7e21b6ad/element - {"using":"css selector","value":"label#Name-info"}
RESULT: {"using":"css selector","value":"label#Name-info"}
COMMAND: POST /session/b0a8127c26235316882093bf7e21b6ad/execute/sync - {"script":"return (function isElementDisplayed(element) {\n    function nodeIsElement(node) {\n        if (!node) {\n            return false;\n        }\n        switch (node.nodeType) {\n            case Node.ELEMEN ... (7807 more bytes)","args":[{"element-6066-11e4-a52e-4f735466cecf":"2678560f-1ad8-4621-80e9-82f2809b0229","ELEMENT":"2678560f-1ad8-4621-80e9-82f2809b0229"}]}
RESULT: {"script":"return (function isElementDisplayed(element) {\n    function nodeIsElement(node) {\n        if (!node) {\n            return false;\n        }\n        switch (node.nodeType) {\n            case Node.ELEMEN ... (7807 more bytes)","args":[{"element-6066-11e4-a52e-4f735466cecf":"2678560f-1ad8-4621-80e9-82f2809b0229","ELEMENT":"2678560f-1ad8-4621-80e9-82f2809b0229"}]}
COMMAND: POST /session/b0a8127c26235316882093bf7e21b6ad/elements - {"using":"css selector","value":"label#Name-info"}
RESULT: {"using":"css selector","value":"label#Name-info"}
]]></system-out>
    </testcase>
    <testcase classname="chrome.110_0_5481_77.windows.Test_suite" name="WebDriverIO 3" time="0.252">
      <system-out><![CDATA[
COMMAND: POST /session/b0a8127c26235316882093bf7e21b6ad/element - {"using":"xpath","value":"//button[text()='Add New Doctor']"}
RESULT: {"using":"xpath","value":"//button[text()='Add New Doctor']"}
COMMAND: POST /session/b0a8127c26235316882093bf7e21b6ad/actions - {"actions":[{"id":"action1","type":"pointer","parameters":{"pointerType":"mouse"},"actions":[{"type":"pointerMove","button":0,"width":0,"height":0,"pressure":0,"tangentialPressure":0,"tiltX":0,"tiltY":0,"twist":0,"altitudeAngle":0,"_":"5 more keys: [\"azimuthAngle\",\"x\",\"y\",\"duration\",\"origin\"]"},{"type":"pointerDown","button":0,"width":0,"height":0,"pressure":0,"tangentialPressure":0,"tiltX":0,"tiltY":0,"twist":0,"altitudeAngle":0,"_":"1 more keys: [\"azimuthAngle\"]"},{"type":"pointerUp","button":0}]}]}
RESULT: {"actions":[{"id":"action1","type":"pointer","parameters":{"pointerType":"mouse"},"actions":[{"type":"pointerMove","button":0,"width":0,"height":0,"pressure":0,"tangentialPressure":0,"tiltX":0,"tiltY":0,"twist":0,"altitudeAngle":0,"_":"5 more keys: [\"azimuthAngle\",\"x\",\"y\",\"duration\",\"origin\"]"},{"type":"pointerDown","button":0,"width":0,"height":0,"pressure":0,"tangentialPressure":0,"tiltX":0,"tiltY":0,"twist":0,"altitudeAngle":0,"_":"1 more keys: [\"azimuthAngle\"]"},{"type":"pointerUp","button":0}]}]}
COMMAND: DELETE /session/b0a8127c26235316882093bf7e21b6ad/actions - {}
RESULT: {}
COMMAND: POST /session/b0a8127c26235316882093bf7e21b6ad/element - {"using":"css selector","value":"div.e-dlg-content"}
RESULT: {"using":"css selector","value":"div.e-dlg-content"}
COMMAND: POST /session/b0a8127c26235316882093bf7e21b6ad/execute/sync - {"script":"return (function isElementDisplayed(element) {\n    function nodeIsElement(node) {\n        if (!node) {\n            return false;\n        }\n        switch (node.nodeType) {\n            case Node.ELEMEN ... (7807 more bytes)","args":[{"element-6066-11e4-a52e-4f735466cecf":"43f8ef2f-3759-4f39-b78a-033a99d0ad89","ELEMENT":"43f8ef2f-3759-4f39-b78a-033a99d0ad89"}]}
RESULT: {"script":"return (function isElementDisplayed(element) {\n    function nodeIsElement(node) {\n        if (!node) {\n            return false;\n        }\n        switch (node.nodeType) {\n            case Node.ELEMEN ... (7807 more bytes)","args":[{"element-6066-11e4-a52e-4f735466cecf":"43f8ef2f-3759-4f39-b78a-033a99d0ad89","ELEMENT":"43f8ef2f-3759-4f39-b78a-033a99d0ad89"}]}
COMMAND: POST /session/b0a8127c26235316882093bf7e21b6ad/execute/sync - {"script":"return (function isElementDisplayed(element) {\n    function nodeIsElement(node) {\n        if (!node) {\n            return false;\n        }\n        switch (node.nodeType) {\n            case Node.ELEMEN ... (7807 more bytes)","args":[{"element-6066-11e4-a52e-4f735466cecf":"43f8ef2f-3759-4f39-b78a-033a99d0ad89","ELEMENT":"43f8ef2f-3759-4f39-b78a-033a99d0ad89"}]}
RESULT: {"script":"return (function isElementDisplayed(element) {\n    function nodeIsElement(node) {\n        if (!node) {\n            return false;\n        }\n        switch (node.nodeType) {\n            case Node.ELEMEN ... (7807 more bytes)","args":[{"element-6066-11e4-a52e-4f735466cecf":"43f8ef2f-3759-4f39-b78a-033a99d0ad89","ELEMENT":"43f8ef2f-3759-4f39-b78a-033a99d0ad89"}]}
COMMAND: POST /session/b0a8127c26235316882093bf7e21b6ad/element - {"using":"xpath","value":"/html/body/div[2]/ejs-dialog/div[1]/button"}
RESULT: {"using":"xpath","value":"/html/body/div[2]/ejs-dialog/div[1]/button"}
COMMAND: POST /session/b0a8127c26235316882093bf7e21b6ad/element/9e4787cd-3aad-4ce5-bb55-8e01b7472a9e/click - {}
RESULT: {}
]]></system-out>
    </testcase>
    <testcase classname="chrome.110_0_5481_77.windows.Test_suite" name="WebDriverIO 4" time="53.03">
      <system-out><![CDATA[
COMMAND: POST /session/b0a8127c26235316882093bf7e21b6ad/cookie - {"cookie":{"name":"MyCookie","value":"ILoveJavaScript"}}
RESULT: {"cookie":{"name":"MyCookie","value":"ILoveJavaScript"}}
]]></system-out>
    </testcase>
    <testcase classname="chrome.110_0_5481_77.windows.Test_suite" name="WebDriverIO 5" time="0.222">
      <system-out><![CDATA[
COMMAND: POST /session/b0a8127c26235316882093bf7e21b6ad/element - {"using":"xpath","value":"//button[text()='Add New Doctor']"}
RESULT: {"using":"xpath","value":"//button[text()='Add New Doctor']"}
COMMAND: POST /session/b0a8127c26235316882093bf7e21b6ad/element/2c4b7439-9537-4e30-b688-00a506758cb2/click - {}
RESULT: {}
COMMAND: POST /session/b0a8127c26235316882093bf7e21b6ad/element - {"using":"css selector","value":"div.button-container"}
RESULT: {"using":"css selector","value":"div.button-container"}
COMMAND: POST /session/b0a8127c26235316882093bf7e21b6ad/actions - {"actions":[{"id":"action2","type":"pointer","parameters":{"pointerType":"mouse"},"actions":[{"type":"pointerMove","button":0,"width":0,"height":0,"pressure":0,"tangentialPressure":0,"tiltX":0,"tiltY":0,"twist":0,"altitudeAngle":0,"_":"5 more keys: [\"azimuthAngle\",\"x\",\"y\",\"duration\",\"origin\"]"},{"type":"pointerDown","button":0,"width":0,"height":0,"pressure":0,"tangentialPressure":0,"tiltX":0,"tiltY":0,"twist":0,"altitudeAngle":0,"_":"1 more keys: [\"azimuthAngle\"]"},{"type":"pointerUp","button":0}]}]}
RESULT: {"actions":[{"id":"action2","type":"pointer","parameters":{"pointerType":"mouse"},"actions":[{"type":"pointerMove","button":0,"width":0,"height":0,"pressure":0,"tangentialPressure":0,"tiltX":0,"tiltY":0,"twist":0,"altitudeAngle":0,"_":"5 more keys: [\"azimuthAngle\",\"x\",\"y\",\"duration\",\"origin\"]"},{"type":"pointerDown","button":0,"width":0,"height":0,"pressure":0,"tangentialPressure":0,"tiltX":0,"tiltY":0,"twist":0,"altitudeAngle":0,"_":"1 more keys: [\"azimuthAngle\"]"},{"type":"pointerUp","button":0}]}]}
COMMAND: DELETE /session/b0a8127c26235316882093bf7e21b6ad/actions - {}
RESULT: {}
COMMAND: DELETE /session/b0a8127c26235316882093bf7e21b6ad - {}
RESULT: {}
]]></system-out>
    </testcase>
  </testsuite>
</testsuites>